0 info it worked if it ends with ok
1 verbose cli [ '/usr/local/bin/node', '/usr/local/bin/npm', 'install', 'zlib' ]
2 info using npm@3.10.10
3 info using node@v6.10.0
4 silly loadCurrentTree Starting
5 silly install loadCurrentTree
6 silly install readLocalPackageData
7 silly fetchPackageMetaData zlib
8 silly fetchNamedPackageData zlib
9 silly mapToRegistry name zlib
10 silly mapToRegistry using default registry
11 silly mapToRegistry registry https://registry.npm.taobao.org/
12 silly mapToRegistry data Result {
12 silly mapToRegistry   raw: 'zlib',
12 silly mapToRegistry   scope: null,
12 silly mapToRegistry   escapedName: 'zlib',
12 silly mapToRegistry   name: 'zlib',
12 silly mapToRegistry   rawSpec: '',
12 silly mapToRegistry   spec: 'latest',
12 silly mapToRegistry   type: 'tag' }
13 silly mapToRegistry uri https://registry.npm.taobao.org/zlib
14 verbose request uri https://registry.npm.taobao.org/zlib
15 verbose request no auth needed
16 info attempt registry request try #1 at 11:10:01 PM
17 verbose request id 5af95f1c6e982a77
18 http request GET https://registry.npm.taobao.org/zlib
19 http 200 https://registry.npm.taobao.org/zlib
20 verbose headers { date: 'Sun, 26 Mar 2017 15:10:01 GMT',
20 verbose headers   'content-type': 'application/json; charset=utf-8',
20 verbose headers   'content-length': '7622',
20 verbose headers   connection: 'keep-alive',
20 verbose headers   'x-current-requests': '1',
20 verbose headers   etag: '"1dc6-tn8MI0M4HZ0aZhXbqA9LTA"',
20 verbose headers   'x-readtime': '18' }
21 silly get cb [ 200,
21 silly get   { date: 'Sun, 26 Mar 2017 15:10:01 GMT',
21 silly get     'content-type': 'application/json; charset=utf-8',
21 silly get     'content-length': '7622',
21 silly get     connection: 'keep-alive',
21 silly get     'x-current-requests': '1',
21 silly get     etag: '"1dc6-tn8MI0M4HZ0aZhXbqA9LTA"',
21 silly get     'x-readtime': '18' } ]
22 verbose get saving zlib to /Users/zhoucaiguang/.npm/registry.npm.taobao.org/zlib/.cache.json
23 verbose correctMkdir /Users/zhoucaiguang/.npm correctMkdir not in flight; initializing
24 silly install normalizeTree
25 silly loadCurrentTree Finishing
26 silly loadIdealTree Starting
27 silly install loadIdealTree
28 silly cloneCurrentTree Starting
29 silly install cloneCurrentTreeToIdealTree
30 silly cloneCurrentTree Finishing
31 silly loadShrinkwrap Starting
32 silly install loadShrinkwrap
33 silly loadShrinkwrap Finishing
34 silly loadAllDepsIntoIdealTree Starting
35 silly install loadAllDepsIntoIdealTree
36 silly resolveWithNewModule zlib@1.0.5 checking installable status
37 silly cache add args [ 'zlib', null ]
38 verbose cache add spec zlib
39 silly cache add parsed spec Result {
39 silly cache add   raw: 'zlib',
39 silly cache add   scope: null,
39 silly cache add   escapedName: 'zlib',
39 silly cache add   name: 'zlib',
39 silly cache add   rawSpec: '',
39 silly cache add   spec: 'latest',
39 silly cache add   type: 'tag' }
40 silly addNamed zlib@latest
41 verbose addNamed "latest" is being treated as a dist-tag for zlib
42 info addNameTag [ 'zlib', 'latest' ]
43 silly mapToRegistry name zlib
44 silly mapToRegistry using default registry
45 silly mapToRegistry registry https://registry.npm.taobao.org/
46 silly mapToRegistry data Result {
46 silly mapToRegistry   raw: 'zlib',
46 silly mapToRegistry   scope: null,
46 silly mapToRegistry   escapedName: 'zlib',
46 silly mapToRegistry   name: 'zlib',
46 silly mapToRegistry   rawSpec: '',
46 silly mapToRegistry   spec: 'latest',
46 silly mapToRegistry   type: 'tag' }
47 silly mapToRegistry uri https://registry.npm.taobao.org/zlib
48 verbose addNameTag registry:https://registry.npm.taobao.org/zlib not in flight; fetching
49 verbose get https://registry.npm.taobao.org/zlib not expired, no request
50 silly addNameTag next cb for zlib with tag latest
51 silly addNamed zlib@1.0.5
52 verbose addNamed "1.0.5" is a plain semver version for zlib
53 silly mapToRegistry name zlib
54 silly mapToRegistry using default registry
55 silly mapToRegistry registry https://registry.npm.taobao.org/
56 silly mapToRegistry data Result {
56 silly mapToRegistry   raw: 'zlib',
56 silly mapToRegistry   scope: null,
56 silly mapToRegistry   escapedName: 'zlib',
56 silly mapToRegistry   name: 'zlib',
56 silly mapToRegistry   rawSpec: '',
56 silly mapToRegistry   spec: 'latest',
56 silly mapToRegistry   type: 'tag' }
57 silly mapToRegistry uri https://registry.npm.taobao.org/zlib
58 verbose addRemoteTarball https://registry.npm.taobao.org/zlib/download/zlib-1.0.5.tgz not in flight; adding
59 verbose addRemoteTarball [ 'https://registry.npm.taobao.org/zlib/download/zlib-1.0.5.tgz',
59 verbose addRemoteTarball   '6e7c972fc371c645a6afb03ab14769def114fcc0' ]
60 info retry fetch attempt 1 at 11:10:01 PM
61 info attempt registry request try #1 at 11:10:01 PM
62 http fetch GET https://registry.npm.taobao.org/zlib/download/zlib-1.0.5.tgz
63 http fetch 200 https://registry.npm.taobao.org/zlib/download/zlib-1.0.5.tgz
64 silly fetchAndShaCheck shasum 6e7c972fc371c645a6afb03ab14769def114fcc0
65 verbose addTmpTarball /var/folders/xt/m_32l5ns1jg7twdl92jk99bh0000gn/T/npm-25597-7c930142/registry.npm.taobao.org/zlib/download/zlib-1.0.5.tgz not in flight; adding
66 verbose addTmpTarball already have metadata; skipping unpack for zlib@1.0.5
67 verbose correctMkdir /Users/zhoucaiguang/.npm correctMkdir not in flight; initializing
68 silly cache afterAdd zlib@1.0.5
69 verbose afterAdd /Users/zhoucaiguang/.npm/zlib/1.0.5/package/package.json not in flight; writing
70 verbose correctMkdir /Users/zhoucaiguang/.npm correctMkdir not in flight; initializing
71 verbose afterAdd /Users/zhoucaiguang/.npm/zlib/1.0.5/package/package.json written
72 silly loadAllDepsIntoIdealTree Finishing
73 silly loadIdealTree Finishing
74 silly currentTree pachong@1.0.0
74 silly currentTree ├── abab@1.0.3
74 silly currentTree ├── accepts@1.3.3
74 silly currentTree ├── acorn-globals@1.0.9
74 silly currentTree ├── acorn@2.7.0
74 silly currentTree ├── addressparser@1.0.1
74 silly currentTree ├── amdefine@1.0.0
74 silly currentTree ├── ansi-regex@2.0.0
74 silly currentTree ├── ansi-styles@2.2.1
74 silly currentTree ├─┬ archiver-utils@1.2.0
74 silly currentTree │ ├── isarray@1.0.0
74 silly currentTree │ └── readable-stream@2.1.4
74 silly currentTree ├─┬ archiver-zip@0.1.0
74 silly currentTree │ ├─┬ through2@0.6.5
74 silly currentTree │ │ └── readable-stream@1.0.34
74 silly currentTree │ └─┬ zip-stream@0.5.2
74 silly currentTree │   ├─┬ compress-commons@0.2.9
74 silly currentTree │   │ ├── crc32-stream@0.3.4
74 silly currentTree │   │ └── node-int64@0.3.3
74 silly currentTree │   ├── lodash@3.2.0
74 silly currentTree │   └── readable-stream@1.0.34
74 silly currentTree ├─┬ archiver@1.0.1
74 silly currentTree │ ├── async@2.0.1
74 silly currentTree │ ├── isarray@1.0.0
74 silly currentTree │ └── readable-stream@2.1.4
74 silly currentTree ├── array-flatten@1.1.1
74 silly currentTree ├── asn1@0.2.3
74 silly currentTree ├── assert-plus@0.2.0
74 silly currentTree ├── async@1.5.2
74 silly currentTree ├── aws-sign2@0.6.0
74 silly currentTree ├── aws4@1.4.1
74 silly currentTree ├── balanced-match@0.4.2
74 silly currentTree ├── bignumber.js@3.1.2
74 silly currentTree ├─┬ bl@1.1.2
74 silly currentTree │ ├── isarray@1.0.0
74 silly currentTree │ └── readable-stream@2.0.6
74 silly currentTree ├── bluebird@3.5.0
74 silly currentTree ├── boolbase@1.0.0
74 silly currentTree ├── boom@2.10.1
74 silly currentTree ├── brace-expansion@1.1.6
74 silly currentTree ├── buffer-crc32@0.2.5
74 silly currentTree ├── buffer-shims@1.0.0
74 silly currentTree ├── buildmail@3.8.0
74 silly currentTree ├── caseless@0.11.0
74 silly currentTree ├── chalk@1.1.3
74 silly currentTree ├── cheerio@0.20.0
74 silly currentTree ├── combined-stream@1.0.5
74 silly currentTree ├── commander@2.9.0
74 silly currentTree ├─┬ compress-commons@1.0.0
74 silly currentTree │ ├── isarray@1.0.0
74 silly currentTree │ └── readable-stream@2.1.4
74 silly currentTree ├── concat-map@0.0.1
74 silly currentTree ├── content-disposition@0.5.1
74 silly currentTree ├── content-type@1.0.2
74 silly currentTree ├── cookie-signature@1.0.6
74 silly currentTree ├── cookie@0.3.1
74 silly currentTree ├── core-util-is@1.0.2
74 silly currentTree ├─┬ crc32-stream@1.0.0
74 silly currentTree │ ├── isarray@1.0.0
74 silly currentTree │ └── readable-stream@2.1.4
74 silly currentTree ├── cron-parser@1.1.0
74 silly currentTree ├─┬ cross-env@3.2.3
74 silly currentTree │ ├─┬ cross-spawn@5.1.0
74 silly currentTree │ │ ├─┬ lru-cache@4.0.2
74 silly currentTree │ │ │ ├── pseudomap@1.0.2
74 silly currentTree │ │ │ └── yallist@2.0.0
74 silly currentTree │ │ ├─┬ shebang-command@1.2.0
74 silly currentTree │ │ │ └── shebang-regex@1.0.0
74 silly currentTree │ │ └─┬ which@1.2.12
74 silly currentTree │ │   └── isexe@1.1.2
74 silly currentTree │ └── is-windows@1.0.0
74 silly currentTree ├── cross-spawn@5.1.0
74 silly currentTree ├── cryptiles@2.0.5
74 silly currentTree ├── css-select@1.2.0
74 silly currentTree ├── css-what@2.1.0
74 silly currentTree ├── cssom@0.3.1
74 silly currentTree ├── cssstyle@0.2.36
74 silly currentTree ├─┬ dashdash@1.14.0
74 silly currentTree │ └── assert-plus@1.0.0
74 silly currentTree ├── date-format@0.0.0
74 silly currentTree ├── debug@2.2.0
74 silly currentTree ├── deep-is@0.1.3
74 silly currentTree ├── delayed-stream@1.0.0
74 silly currentTree ├── depd@1.1.0
74 silly currentTree ├── destroy@1.0.4
74 silly currentTree ├─┬ dom-serializer@0.1.0
74 silly currentTree │ └── domelementtype@1.1.3
74 silly currentTree ├── domelementtype@1.3.0
74 silly currentTree ├── domhandler@2.3.0
74 silly currentTree ├── domutils@1.5.1
74 silly currentTree ├── dottie@1.1.1
74 silly currentTree ├── ecc-jsbn@0.1.1
74 silly currentTree ├── ee-first@1.1.1
74 silly currentTree ├── encodeurl@1.0.1
74 silly currentTree ├── end-of-stream@1.1.0
74 silly currentTree ├── entities@1.1.1
74 silly currentTree ├── escape-html@1.0.3
74 silly currentTree ├── escape-string-regexp@1.0.5
74 silly currentTree ├── escodegen@1.8.0
74 silly currentTree ├── esprima@2.7.2
74 silly currentTree ├── estraverse@1.9.3
74 silly currentTree ├── esutils@2.0.2
74 silly currentTree ├── etag@1.7.0
74 silly currentTree ├── eventproxy@0.3.5
74 silly currentTree ├─┬ express@4.14.0
74 silly currentTree │ └── qs@6.2.0
74 silly currentTree ├── extend@3.0.0
74 silly currentTree ├── extsprintf@1.0.2
74 silly currentTree ├── fast-levenshtein@1.1.3
74 silly currentTree ├── finalhandler@0.5.0
74 silly currentTree ├── forever-agent@0.6.1
74 silly currentTree ├── form-data@1.0.0-rc4
74 silly currentTree ├── forwarded@0.1.0
74 silly currentTree ├── fresh@0.3.0
74 silly currentTree ├── fs.realpath@1.0.0
74 silly currentTree ├── fs@0.0.2
74 silly currentTree ├─┬ fsevents@1.1.1
74 silly currentTree │ ├── abbrev@1.1.0
74 silly currentTree │ ├── ansi-regex@2.1.1
74 silly currentTree │ ├── ansi-styles@2.2.1
74 silly currentTree │ ├── aproba@1.1.1
74 silly currentTree │ ├── are-we-there-yet@1.1.2
74 silly currentTree │ ├── asn1@0.2.3
74 silly currentTree │ ├── assert-plus@0.2.0
74 silly currentTree │ ├── asynckit@0.4.0
74 silly currentTree │ ├── aws-sign2@0.6.0
74 silly currentTree │ ├── aws4@1.6.0
74 silly currentTree │ ├── balanced-match@0.4.2
74 silly currentTree │ ├── bcrypt-pbkdf@1.0.1
74 silly currentTree │ ├── block-stream@0.0.9
74 silly currentTree │ ├── boom@2.10.1
74 silly currentTree │ ├── brace-expansion@1.1.6
74 silly currentTree │ ├── buffer-shims@1.0.0
74 silly currentTree │ ├── caseless@0.11.0
74 silly currentTree │ ├── chalk@1.1.3
74 silly currentTree │ ├── code-point-at@1.1.0
74 silly currentTree │ ├── combined-stream@1.0.5
74 silly currentTree │ ├── commander@2.9.0
74 silly currentTree │ ├── concat-map@0.0.1
74 silly currentTree │ ├── console-control-strings@1.1.0
74 silly currentTree │ ├── core-util-is@1.0.2
74 silly currentTree │ ├── cryptiles@2.0.5
74 silly currentTree │ ├─┬ dashdash@1.14.1
74 silly currentTree │ │ └── assert-plus@1.0.0
74 silly currentTree │ ├── debug@2.2.0
74 silly currentTree │ ├── deep-extend@0.4.1
74 silly currentTree │ ├── delayed-stream@1.0.0
74 silly currentTree │ ├── delegates@1.0.0
74 silly currentTree │ ├── ecc-jsbn@0.1.1
74 silly currentTree │ ├── escape-string-regexp@1.0.5
74 silly currentTree │ ├── extend@3.0.0
74 silly currentTree │ ├── extsprintf@1.0.2
74 silly currentTree │ ├── forever-agent@0.6.1
74 silly currentTree │ ├── form-data@2.1.2
74 silly currentTree │ ├── fs.realpath@1.0.0
74 silly currentTree │ ├── fstream-ignore@1.0.5
74 silly currentTree │ ├── fstream@1.0.10
74 silly currentTree │ ├── gauge@2.7.3
74 silly currentTree │ ├── generate-function@2.0.0
74 silly currentTree │ ├── generate-object-property@1.2.0
74 silly currentTree │ ├─┬ getpass@0.1.6
74 silly currentTree │ │ └── assert-plus@1.0.0
74 silly currentTree │ ├── glob@7.1.1
74 silly currentTree │ ├── graceful-fs@4.1.11
74 silly currentTree │ ├── graceful-readlink@1.0.1
74 silly currentTree │ ├── har-validator@2.0.6
74 silly currentTree │ ├── has-ansi@2.0.0
74 silly currentTree │ ├── has-unicode@2.0.1
74 silly currentTree │ ├── hawk@3.1.3
74 silly currentTree │ ├── hoek@2.16.3
74 silly currentTree │ ├── http-signature@1.1.1
74 silly currentTree │ ├── inflight@1.0.6
74 silly currentTree │ ├── inherits@2.0.3
74 silly currentTree │ ├── ini@1.3.4
74 silly currentTree │ ├── is-fullwidth-code-point@1.0.0
74 silly currentTree │ ├── is-my-json-valid@2.15.0
74 silly currentTree │ ├── is-property@1.0.2
74 silly currentTree │ ├── is-typedarray@1.0.0
74 silly currentTree │ ├── isarray@1.0.0
74 silly currentTree │ ├── isstream@0.1.2
74 silly currentTree │ ├── jodid25519@1.0.2
74 silly currentTree │ ├── jsbn@0.1.1
74 silly currentTree │ ├── json-schema@0.2.3
74 silly currentTree │ ├── json-stringify-safe@5.0.1
74 silly currentTree │ ├── jsonpointer@4.0.1
74 silly currentTree │ ├── jsprim@1.3.1
74 silly currentTree │ ├── mime-db@1.26.0
74 silly currentTree │ ├── mime-types@2.1.14
74 silly currentTree │ ├── minimatch@3.0.3
74 silly currentTree │ ├── minimist@0.0.8
74 silly currentTree │ ├── mkdirp@0.5.1
74 silly currentTree │ ├── ms@0.7.1
74 silly currentTree │ ├── node-pre-gyp@0.6.33
74 silly currentTree │ ├── nopt@3.0.6
74 silly currentTree │ ├── npmlog@4.0.2
74 silly currentTree │ ├── number-is-nan@1.0.1
74 silly currentTree │ ├── oauth-sign@0.8.2
74 silly currentTree │ ├── object-assign@4.1.1
74 silly currentTree │ ├── once@1.4.0
74 silly currentTree │ ├── path-is-absolute@1.0.1
74 silly currentTree │ ├── pinkie-promise@2.0.1
74 silly currentTree │ ├── pinkie@2.0.4
74 silly currentTree │ ├── process-nextick-args@1.0.7
74 silly currentTree │ ├── punycode@1.4.1
74 silly currentTree │ ├── qs@6.3.1
74 silly currentTree │ ├─┬ rc@1.1.7
74 silly currentTree │ │ └── minimist@1.2.0
74 silly currentTree │ ├── readable-stream@2.2.2
74 silly currentTree │ ├── request@2.79.0
74 silly currentTree │ ├── rimraf@2.5.4
74 silly currentTree │ ├── semver@5.3.0
74 silly currentTree │ ├── set-blocking@2.0.0
74 silly currentTree │ ├── signal-exit@3.0.2
74 silly currentTree │ ├── sntp@1.0.9
74 silly currentTree │ ├─┬ sshpk@1.10.2
74 silly currentTree │ │ └── assert-plus@1.0.0
74 silly currentTree │ ├── string_decoder@0.10.31
74 silly currentTree │ ├── string-width@1.0.2
74 silly currentTree │ ├── stringstream@0.0.5
74 silly currentTree │ ├── strip-ansi@3.0.1
74 silly currentTree │ ├── strip-json-comments@2.0.1
74 silly currentTree │ ├── supports-color@2.0.0
74 silly currentTree │ ├─┬ tar-pack@3.3.0
74 silly currentTree │ │ ├── once@1.3.3
74 silly currentTree │ │ └── readable-stream@2.1.5
74 silly currentTree │ ├── tar@2.2.1
74 silly currentTree │ ├── tough-cookie@2.3.2
74 silly currentTree │ ├── tunnel-agent@0.4.3
74 silly currentTree │ ├── tweetnacl@0.14.5
74 silly currentTree │ ├── uid-number@0.0.6
74 silly currentTree │ ├── util-deprecate@1.0.2
74 silly currentTree │ ├── uuid@3.0.1
74 silly currentTree │ ├── verror@1.3.6
74 silly currentTree │ ├── wide-align@1.1.0
74 silly currentTree │ ├── wrappy@1.0.2
74 silly currentTree │ └── xtend@4.0.1
74 silly currentTree ├── generate-function@2.0.0
74 silly currentTree ├── generate-object-property@1.2.0
74 silly currentTree ├── generic-pool@2.4.2
74 silly currentTree ├─┬ getpass@0.1.6
74 silly currentTree │ └── assert-plus@1.0.0
74 silly currentTree ├── glob@7.0.5
74 silly currentTree ├── graceful-fs@4.1.5
74 silly currentTree ├── graceful-readlink@1.0.1
74 silly currentTree ├── har-validator@2.0.6
74 silly currentTree ├── has-ansi@2.0.0
74 silly currentTree ├── hawk@3.1.3
74 silly currentTree ├── hoek@2.16.3
74 silly currentTree ├─┬ htmlparser2@3.8.3
74 silly currentTree │ └── entities@1.0.0
74 silly currentTree ├── http-errors@1.5.0
74 silly currentTree ├── http-signature@1.1.1
74 silly currentTree ├── httpntlm@1.6.1
74 silly currentTree ├── httpreq@0.4.22
74 silly currentTree ├── iconv-lite@0.4.13
74 silly currentTree ├── inflection@1.12.0
74 silly currentTree ├── inflight@1.0.5
74 silly currentTree ├── inherits@2.0.1
74 silly currentTree ├── ip@1.1.3
74 silly currentTree ├── ipaddr.js@1.1.1
74 silly currentTree ├── is-my-json-valid@2.13.1
74 silly currentTree ├── is-property@1.0.2
74 silly currentTree ├── is-typedarray@1.0.0
74 silly currentTree ├── is-windows@1.0.0
74 silly currentTree ├── isarray@0.0.1
74 silly currentTree ├── isexe@1.1.2
74 silly currentTree ├── isstream@0.1.2
74 silly currentTree ├── jodid25519@1.0.2
74 silly currentTree ├── jsbn@0.1.0
74 silly currentTree ├── jsdom@7.2.2
74 silly currentTree ├── json-schema@0.2.2
74 silly currentTree ├── json-stringify-safe@5.0.1
74 silly currentTree ├── jsonpointer@2.0.0
74 silly currentTree ├── jsprim@1.3.0
74 silly currentTree ├─┬ jszip@2.6.1
74 silly currentTree │ └── pako@1.0.3
74 silly currentTree ├─┬ lazystream@1.0.0
74 silly currentTree │ ├── isarray@1.0.0
74 silly currentTree │ └── readable-stream@2.1.4
74 silly currentTree ├── levn@0.3.0
74 silly currentTree ├── libbase64@0.1.0
74 silly currentTree ├── libmime@2.0.3
74 silly currentTree ├── libqp@1.1.0
74 silly currentTree ├── lodash@4.13.1
74 silly currentTree ├─┬ log4js@1.1.1
74 silly currentTree │ ├─┬ debug@2.6.1
74 silly currentTree │ │ └── ms@0.7.2
74 silly currentTree │ ├── semver@5.3.0
74 silly currentTree │ └─┬ streamroller@0.4.0
74 silly currentTree │   ├── date-format@0.0.0
74 silly currentTree │   ├── debug@0.7.4
74 silly currentTree │   ├─┬ mkdirp@0.5.1
74 silly currentTree │   │ └── minimist@0.0.8
74 silly currentTree │   └─┬ readable-stream@1.1.14
74 silly currentTree │     ├── core-util-is@1.0.2
74 silly currentTree │     ├── inherits@2.0.3
74 silly currentTree │     ├── isarray@0.0.1
74 silly currentTree │     └── string_decoder@0.10.31
74 silly currentTree ├── long-timeout@0.0.2
74 silly currentTree ├── lru-cache@4.0.2
74 silly currentTree ├── mailcomposer@3.10.0
74 silly currentTree ├── media-typer@0.3.0
74 silly currentTree ├── merge-descriptors@1.0.1
74 silly currentTree ├── methods@1.1.2
74 silly currentTree ├── mime-db@1.23.0
74 silly currentTree ├── mime-types@2.1.11
74 silly currentTree ├── mime@1.3.4
74 silly currentTree ├── minimatch@3.0.2
74 silly currentTree ├── minimist@0.0.8
74 silly currentTree ├── mkdirp@0.5.1
74 silly currentTree ├─┬ moment-timezone@0.5.11
74 silly currentTree │ └── moment@2.17.1
74 silly currentTree ├── moment@2.17.1
74 silly currentTree ├── ms@0.7.1
74 silly currentTree ├─┬ mysql-promise@4.1.0
74 silly currentTree │ ├── bluebird@3.5.0
74 silly currentTree │ └─┬ mysql@2.13.0
74 silly currentTree │   ├── bignumber.js@3.1.2
74 silly currentTree │   ├── readable-stream@1.1.14
74 silly currentTree │   └── sqlstring@2.2.0
74 silly currentTree ├── mysql@2.13.0
74 silly currentTree ├── nan@2.5.1
74 silly currentTree ├── negotiator@0.6.1
74 silly currentTree ├── node-int64@0.4.0
74 silly currentTree ├── node-schedule@1.1.1
74 silly currentTree ├── node-uuid@1.4.7
74 silly currentTree ├── nodemailer-direct-transport@3.2.0
74 silly currentTree ├── nodemailer-fetch@1.4.0
74 silly currentTree ├── nodemailer-shared@1.0.5
74 silly currentTree ├── nodemailer-smtp-pool@2.7.0
74 silly currentTree ├── nodemailer-smtp-transport@2.6.0
74 silly currentTree ├── nodemailer-wellknown@0.1.10
74 silly currentTree ├── nodemailer@2.5.0
74 silly currentTree ├── normalize-path@2.0.1
74 silly currentTree ├── nth-check@1.0.1
74 silly currentTree ├── nwmatcher@1.3.8
74 silly currentTree ├── oauth-sign@0.8.2
74 silly currentTree ├── on-finished@2.3.0
74 silly currentTree ├── once@1.3.3
74 silly currentTree ├── optionator@0.8.1
74 silly currentTree ├── parse5@1.5.1
74 silly currentTree ├── parseurl@1.3.1
74 silly currentTree ├── path-is-absolute@1.0.0
74 silly currentTree ├── path-to-regexp@0.1.7
74 silly currentTree ├── path@0.12.7
74 silly currentTree ├── pinkie-promise@2.0.1
74 silly currentTree ├── pinkie@2.0.4
74 silly currentTree ├─┬ pm2@1.1.3
74 silly currentTree │ ├── chalk@1.1.1
74 silly currentTree │ ├─┬ chokidar@1.4.3
74 silly currentTree │ │ ├─┬ anymatch@1.3.0
74 silly currentTree │ │ │ ├── arrify@1.0.1
74 silly currentTree │ │ │ └─┬ micromatch@2.3.11
74 silly currentTree │ │ │   ├─┬ arr-diff@2.0.0
74 silly currentTree │ │ │   │ └── arr-flatten@1.0.1
74 silly currentTree │ │ │   ├── array-unique@0.2.1
74 silly currentTree │ │ │   ├─┬ braces@1.8.5
74 silly currentTree │ │ │   │ ├─┬ expand-range@1.8.2
74 silly currentTree │ │ │   │ │ └─┬ fill-range@2.2.3
74 silly currentTree │ │ │   │ │   ├── is-number@2.1.0
74 silly currentTree │ │ │   │ │   ├─┬ isobject@2.1.0
74 silly currentTree │ │ │   │ │   │ └── isarray@1.0.0
74 silly currentTree │ │ │   │ │   ├── randomatic@1.1.5
74 silly currentTree │ │ │   │ │   └── repeat-string@1.5.4
74 silly currentTree │ │ │   │ ├── preserve@0.2.0
74 silly currentTree │ │ │   │ └── repeat-element@1.1.2
74 silly currentTree │ │ │   ├─┬ expand-brackets@0.1.5
74 silly currentTree │ │ │   │ └── is-posix-bracket@0.1.1
74 silly currentTree │ │ │   ├── extglob@0.3.2
74 silly currentTree │ │ │   ├── filename-regex@2.0.0
74 silly currentTree │ │ │   ├── is-extglob@1.0.0
74 silly currentTree │ │ │   ├─┬ kind-of@3.0.4
74 silly currentTree │ │ │   │ └── is-buffer@1.1.4
74 silly currentTree │ │ │   ├─┬ object.omit@2.0.0
74 silly currentTree │ │ │   │ ├─┬ for-own@0.1.4
74 silly currentTree │ │ │   │ │ └── for-in@0.1.5
74 silly currentTree │ │ │   │ └── is-extendable@0.1.1
74 silly currentTree │ │ │   ├─┬ parse-glob@3.0.4
74 silly currentTree │ │ │   │ ├── glob-base@0.3.0
74 silly currentTree │ │ │   │ └── is-dotfile@1.0.2
74 silly currentTree │ │ │   └─┬ regex-cache@0.4.3
74 silly currentTree │ │ │     ├── is-equal-shallow@0.1.3
74 silly currentTree │ │ │     └── is-primitive@2.0.0
74 silly currentTree │ │ ├── async-each@1.0.0
74 silly currentTree │ │ ├── glob-parent@2.0.0
74 silly currentTree │ │ ├─┬ is-binary-path@1.0.1
74 silly currentTree │ │ │ └── binary-extensions@1.5.0
74 silly currentTree │ │ ├─┬ is-glob@2.0.1
74 silly currentTree │ │ │ └── is-extglob@1.0.0
74 silly currentTree │ │ └─┬ readdirp@2.1.0
74 silly currentTree │ │   ├─┬ readable-stream@2.1.4
74 silly currentTree │ │   │ └── isarray@1.0.0
74 silly currentTree │ │   └── set-immediate-shim@1.0.1
74 silly currentTree │ ├─┬ cli-table@0.3.1
74 silly currentTree │ │ └── colors@1.0.3
74 silly currentTree │ ├── coffee-script@1.10.0
74 silly currentTree │ ├─┬ cron@1.1.0
74 silly currentTree │ │ └── moment-timezone@0.3.1
74 silly currentTree │ ├── eventemitter2@0.4.14
74 silly currentTree │ ├── ikt@0.0.0
74 silly currentTree │ ├─┬ mkdirp@0.5.1
74 silly currentTree │ │ └── minimist@0.0.8
74 silly currentTree │ ├── moment@2.14.1
74 silly currentTree │ ├─┬ nssocket@0.6.0
74 silly currentTree │ │ └── lazy@1.0.11
74 silly currentTree │ ├── pidusage@1.0.4
74 silly currentTree │ ├─┬ pm2-axon-rpc@0.3.6
74 silly currentTree │ │ └─┬ commander@1.0.5
74 silly currentTree │ │   └── keypress@0.1.0
74 silly currentTree │ ├─┬ pm2-axon@2.0.11
74 silly currentTree │ │ ├── amp-message@0.1.2
74 silly currentTree │ │ ├── amp@0.3.1
74 silly currentTree │ │ ├── configurable@0.0.1
74 silly currentTree │ │ └── escape-regexp@0.0.1
74 silly currentTree │ ├─┬ pm2-deploy@0.2.1
74 silly currentTree │ │ ├── async@1.4.2
74 silly currentTree │ │ └── tv4@1.0.18
74 silly currentTree │ ├─┬ pm2-multimeter@0.1.2
74 silly currentTree │ │ └── charm@0.1.2
74 silly currentTree │ ├── pmx@0.6.2
74 silly currentTree │ ├── semver@5.1.1
74 silly currentTree │ ├── shelljs@0.6.0
74 silly currentTree │ ├─┬ source-map-support@0.4.0
74 silly currentTree │ │ └── source-map@0.1.32
74 silly currentTree │ ├── vizion@0.2.13
74 silly currentTree │ └─┬ yamljs@0.2.7
74 silly currentTree │   ├─┬ argparse@0.1.16
74 silly currentTree │   │ └── underscore.string@2.4.0
74 silly currentTree │   └─┬ glob@4.5.3
74 silly currentTree │     └── minimatch@2.0.10
74 silly currentTree ├── prelude-ls@1.1.2
74 silly currentTree ├── process-nextick-args@1.0.7
74 silly currentTree ├── process@0.11.5
74 silly currentTree ├── promise-mysql@3.0.0
74 silly currentTree ├── proxy-addr@1.1.2
74 silly currentTree ├── pseudomap@1.0.2
74 silly currentTree ├── punycode@1.3.2
74 silly currentTree ├── q@1.4.1
74 silly currentTree ├── qs@6.2.1
74 silly currentTree ├── querystring@0.2.0
74 silly currentTree ├── range-parser@1.2.0
74 silly currentTree ├── readable-stream@1.1.14
74 silly currentTree ├─┬ request-promise-core@1.1.1
74 silly currentTree │ └── lodash@4.17.4
74 silly currentTree ├─┬ request-promise@4.1.1
74 silly currentTree │ ├── bluebird@3.5.0
74 silly currentTree │ ├── request-promise-core@1.1.1
74 silly currentTree │ └── stealthy-require@1.0.0
74 silly currentTree ├─┬ request@2.74.0
74 silly currentTree │ └── tough-cookie@2.3.1
74 silly currentTree ├─┬ retry-as-promised@2.2.0
74 silly currentTree │ ├── bluebird@3.5.0
74 silly currentTree │ ├── cross-env@3.2.3
74 silly currentTree │ └── debug@2.6.1
74 silly currentTree ├── sax@1.2.1
74 silly currentTree ├── semver@5.3.0
74 silly currentTree ├── send@0.14.1
74 silly currentTree ├─┬ sequelize@3.30.2
74 silly currentTree │ ├── bluebird@3.5.0
74 silly currentTree │ ├── depd@1.1.0
74 silly currentTree │ ├── dottie@1.1.1
74 silly currentTree │ ├── generic-pool@2.4.2
74 silly currentTree │ ├── inflection@1.12.0
74 silly currentTree │ ├── lodash@4.12.0
74 silly currentTree │ ├── moment-timezone@0.5.11
74 silly currentTree │ ├── moment@2.17.1
74 silly currentTree │ ├── retry-as-promised@2.2.0
74 silly currentTree │ ├── semver@5.3.0
74 silly currentTree │ ├── shimmer@1.1.0
74 silly currentTree │ ├─┬ terraformer-wkt-parser@1.1.2
74 silly currentTree │ │ └── terraformer@1.0.7
74 silly currentTree │ ├── toposort-class@1.0.1
74 silly currentTree │ ├── uuid@3.0.1
74 silly currentTree │ ├── validator@5.7.0
74 silly currentTree │ └── wkx@0.2.0
74 silly currentTree ├── serve-static@1.11.1
74 silly currentTree ├── setprototypeof@1.0.1
74 silly currentTree ├── shebang-command@1.2.0
74 silly currentTree ├── shebang-regex@1.0.0
74 silly currentTree ├── shimmer@1.1.0
74 silly currentTree ├── smart-buffer@1.0.11
74 silly currentTree ├── smtp-connection@2.8.0
74 silly currentTree ├── sntp@1.0.9
74 silly currentTree ├── socks@1.1.9
74 silly currentTree ├── source-map@0.2.0
74 silly currentTree ├── sqlstring@2.2.0
74 silly currentTree ├─┬ sshpk@1.9.1
74 silly currentTree │ └── assert-plus@1.0.0
74 silly currentTree ├── statuses@1.3.0
74 silly currentTree ├── stealthy-require@1.0.0
74 silly currentTree ├── streamroller@0.4.0
74 silly currentTree ├── string_decoder@0.10.31
74 silly currentTree ├── stringstream@0.0.5
74 silly currentTree ├── strip-ansi@3.0.1
74 silly currentTree ├── supports-color@2.0.0
74 silly currentTree ├── symbol-tree@3.1.4
74 silly currentTree ├─┬ tar-stream@1.5.2
74 silly currentTree │ ├── isarray@1.0.0
74 silly currentTree │ └── readable-stream@2.1.4
74 silly currentTree ├── terraformer-wkt-parser@1.1.2
74 silly currentTree ├── terraformer@1.0.7
74 silly currentTree ├── toposort-class@1.0.1
74 silly currentTree ├── tough-cookie@2.2.2
74 silly currentTree ├── tr46@0.0.3
74 silly currentTree ├── tunnel-agent@0.4.3
74 silly currentTree ├── tweetnacl@0.13.3
74 silly currentTree ├── type-check@0.3.2
74 silly currentTree ├── type-is@1.6.13
74 silly currentTree ├── underscore@1.7.0
74 silly currentTree ├── unpipe@1.0.0
74 silly currentTree ├── url@0.11.0
74 silly currentTree ├── util-deprecate@1.0.2
74 silly currentTree ├── util@0.10.3
74 silly currentTree ├── utils-merge@1.0.0
74 silly currentTree ├── uuid@3.0.1
74 silly currentTree ├── validator@5.7.0
74 silly currentTree ├── vary@1.1.0
74 silly currentTree ├── verror@1.3.6
74 silly currentTree ├── webidl-conversions@2.0.1
74 silly currentTree ├── whatwg-url-compat@0.6.5
74 silly currentTree ├── which@1.2.12
74 silly currentTree ├── wkx@0.2.0
74 silly currentTree ├── wordwrap@1.0.0
74 silly currentTree ├── wrappy@1.0.2
74 silly currentTree ├── xml-name-validator@2.0.1
74 silly currentTree ├── xtend@4.0.1
74 silly currentTree ├── yallist@2.0.0
74 silly currentTree ├─┬ zip-archiver@0.0.4
74 silly currentTree │ └── walkdir@0.0.11
74 silly currentTree └─┬ zip-stream@1.0.0
74 silly currentTree   ├── isarray@1.0.0
74 silly currentTree   └── readable-stream@2.1.4
75 silly idealTree pachong@1.0.0
75 silly idealTree ├── abab@1.0.3
75 silly idealTree ├── accepts@1.3.3
75 silly idealTree ├── acorn-globals@1.0.9
75 silly idealTree ├── acorn@2.7.0
75 silly idealTree ├── addressparser@1.0.1
75 silly idealTree ├── amdefine@1.0.0
75 silly idealTree ├── ansi-regex@2.0.0
75 silly idealTree ├── ansi-styles@2.2.1
75 silly idealTree ├─┬ archiver-utils@1.2.0
75 silly idealTree │ ├── isarray@1.0.0
75 silly idealTree │ └── readable-stream@2.1.4
75 silly idealTree ├─┬ archiver-zip@0.1.0
75 silly idealTree │ ├─┬ through2@0.6.5
75 silly idealTree │ │ └── readable-stream@1.0.34
75 silly idealTree │ └─┬ zip-stream@0.5.2
75 silly idealTree │   ├─┬ compress-commons@0.2.9
75 silly idealTree │   │ ├── crc32-stream@0.3.4
75 silly idealTree │   │ └── node-int64@0.3.3
75 silly idealTree │   ├── lodash@3.2.0
75 silly idealTree │   └── readable-stream@1.0.34
75 silly idealTree ├─┬ archiver@1.0.1
75 silly idealTree │ ├── async@2.0.1
75 silly idealTree │ ├── isarray@1.0.0
75 silly idealTree │ └── readable-stream@2.1.4
75 silly idealTree ├── array-flatten@1.1.1
75 silly idealTree ├── asn1@0.2.3
75 silly idealTree ├── assert-plus@0.2.0
75 silly idealTree ├── async@1.5.2
75 silly idealTree ├── aws-sign2@0.6.0
75 silly idealTree ├── aws4@1.4.1
75 silly idealTree ├── balanced-match@0.4.2
75 silly idealTree ├── bignumber.js@3.1.2
75 silly idealTree ├─┬ bl@1.1.2
75 silly idealTree │ ├── isarray@1.0.0
75 silly idealTree │ └── readable-stream@2.0.6
75 silly idealTree ├── bluebird@3.5.0
75 silly idealTree ├── boolbase@1.0.0
75 silly idealTree ├── boom@2.10.1
75 silly idealTree ├── brace-expansion@1.1.6
75 silly idealTree ├── buffer-crc32@0.2.5
75 silly idealTree ├── buffer-shims@1.0.0
75 silly idealTree ├── buildmail@3.8.0
75 silly idealTree ├── caseless@0.11.0
75 silly idealTree ├── chalk@1.1.3
75 silly idealTree ├── cheerio@0.20.0
75 silly idealTree ├── combined-stream@1.0.5
75 silly idealTree ├── commander@2.9.0
75 silly idealTree ├─┬ compress-commons@1.0.0
75 silly idealTree │ ├── isarray@1.0.0
75 silly idealTree │ └── readable-stream@2.1.4
75 silly idealTree ├── concat-map@0.0.1
75 silly idealTree ├── content-disposition@0.5.1
75 silly idealTree ├── content-type@1.0.2
75 silly idealTree ├── cookie-signature@1.0.6
75 silly idealTree ├── cookie@0.3.1
75 silly idealTree ├── core-util-is@1.0.2
75 silly idealTree ├─┬ crc32-stream@1.0.0
75 silly idealTree │ ├── isarray@1.0.0
75 silly idealTree │ └── readable-stream@2.1.4
75 silly idealTree ├── cron-parser@1.1.0
75 silly idealTree ├─┬ cross-env@3.2.3
75 silly idealTree │ ├─┬ cross-spawn@5.1.0
75 silly idealTree │ │ ├─┬ lru-cache@4.0.2
75 silly idealTree │ │ │ ├── pseudomap@1.0.2
75 silly idealTree │ │ │ └── yallist@2.0.0
75 silly idealTree │ │ ├─┬ shebang-command@1.2.0
75 silly idealTree │ │ │ └── shebang-regex@1.0.0
75 silly idealTree │ │ └─┬ which@1.2.12
75 silly idealTree │ │   └── isexe@1.1.2
75 silly idealTree │ └── is-windows@1.0.0
75 silly idealTree ├── cross-spawn@5.1.0
75 silly idealTree ├── cryptiles@2.0.5
75 silly idealTree ├── css-select@1.2.0
75 silly idealTree ├── css-what@2.1.0
75 silly idealTree ├── cssom@0.3.1
75 silly idealTree ├── cssstyle@0.2.36
75 silly idealTree ├─┬ dashdash@1.14.0
75 silly idealTree │ └── assert-plus@1.0.0
75 silly idealTree ├── date-format@0.0.0
75 silly idealTree ├── debug@2.2.0
75 silly idealTree ├── deep-is@0.1.3
75 silly idealTree ├── delayed-stream@1.0.0
75 silly idealTree ├── depd@1.1.0
75 silly idealTree ├── destroy@1.0.4
75 silly idealTree ├─┬ dom-serializer@0.1.0
75 silly idealTree │ └── domelementtype@1.1.3
75 silly idealTree ├── domelementtype@1.3.0
75 silly idealTree ├── domhandler@2.3.0
75 silly idealTree ├── domutils@1.5.1
75 silly idealTree ├── dottie@1.1.1
75 silly idealTree ├── ecc-jsbn@0.1.1
75 silly idealTree ├── ee-first@1.1.1
75 silly idealTree ├── encodeurl@1.0.1
75 silly idealTree ├── end-of-stream@1.1.0
75 silly idealTree ├── entities@1.1.1
75 silly idealTree ├── escape-html@1.0.3
75 silly idealTree ├── escape-string-regexp@1.0.5
75 silly idealTree ├── escodegen@1.8.0
75 silly idealTree ├── esprima@2.7.2
75 silly idealTree ├── estraverse@1.9.3
75 silly idealTree ├── esutils@2.0.2
75 silly idealTree ├── etag@1.7.0
75 silly idealTree ├── eventproxy@0.3.5
75 silly idealTree ├─┬ express@4.14.0
75 silly idealTree │ └── qs@6.2.0
75 silly idealTree ├── extend@3.0.0
75 silly idealTree ├── extsprintf@1.0.2
75 silly idealTree ├── fast-levenshtein@1.1.3
75 silly idealTree ├── finalhandler@0.5.0
75 silly idealTree ├── forever-agent@0.6.1
75 silly idealTree ├── form-data@1.0.0-rc4
75 silly idealTree ├── forwarded@0.1.0
75 silly idealTree ├── fresh@0.3.0
75 silly idealTree ├── fs.realpath@1.0.0
75 silly idealTree ├── fs@0.0.2
75 silly idealTree ├─┬ fsevents@1.1.1
75 silly idealTree │ ├── abbrev@1.1.0
75 silly idealTree │ ├── ansi-regex@2.1.1
75 silly idealTree │ ├── ansi-styles@2.2.1
75 silly idealTree │ ├── aproba@1.1.1
75 silly idealTree │ ├── are-we-there-yet@1.1.2
75 silly idealTree │ ├── asn1@0.2.3
75 silly idealTree │ ├── assert-plus@0.2.0
75 silly idealTree │ ├── asynckit@0.4.0
75 silly idealTree │ ├── aws-sign2@0.6.0
75 silly idealTree │ ├── aws4@1.6.0
75 silly idealTree │ ├── balanced-match@0.4.2
75 silly idealTree │ ├── bcrypt-pbkdf@1.0.1
75 silly idealTree │ ├── block-stream@0.0.9
75 silly idealTree │ ├── boom@2.10.1
75 silly idealTree │ ├── brace-expansion@1.1.6
75 silly idealTree │ ├── buffer-shims@1.0.0
75 silly idealTree │ ├── caseless@0.11.0
75 silly idealTree │ ├── chalk@1.1.3
75 silly idealTree │ ├── code-point-at@1.1.0
75 silly idealTree │ ├── combined-stream@1.0.5
75 silly idealTree │ ├── commander@2.9.0
75 silly idealTree │ ├── concat-map@0.0.1
75 silly idealTree │ ├── console-control-strings@1.1.0
75 silly idealTree │ ├── core-util-is@1.0.2
75 silly idealTree │ ├── cryptiles@2.0.5
75 silly idealTree │ ├─┬ dashdash@1.14.1
75 silly idealTree │ │ └── assert-plus@1.0.0
75 silly idealTree │ ├── debug@2.2.0
75 silly idealTree │ ├── deep-extend@0.4.1
75 silly idealTree │ ├── delayed-stream@1.0.0
75 silly idealTree │ ├── delegates@1.0.0
75 silly idealTree │ ├── ecc-jsbn@0.1.1
75 silly idealTree │ ├── escape-string-regexp@1.0.5
75 silly idealTree │ ├── extend@3.0.0
75 silly idealTree │ ├── extsprintf@1.0.2
75 silly idealTree │ ├── forever-agent@0.6.1
75 silly idealTree │ ├── form-data@2.1.2
75 silly idealTree │ ├── fs.realpath@1.0.0
75 silly idealTree │ ├── fstream-ignore@1.0.5
75 silly idealTree │ ├── fstream@1.0.10
75 silly idealTree │ ├── gauge@2.7.3
75 silly idealTree │ ├── generate-function@2.0.0
75 silly idealTree │ ├── generate-object-property@1.2.0
75 silly idealTree │ ├─┬ getpass@0.1.6
75 silly idealTree │ │ └── assert-plus@1.0.0
75 silly idealTree │ ├── glob@7.1.1
75 silly idealTree │ ├── graceful-fs@4.1.11
75 silly idealTree │ ├── graceful-readlink@1.0.1
75 silly idealTree │ ├── har-validator@2.0.6
75 silly idealTree │ ├── has-ansi@2.0.0
75 silly idealTree │ ├── has-unicode@2.0.1
75 silly idealTree │ ├── hawk@3.1.3
75 silly idealTree │ ├── hoek@2.16.3
75 silly idealTree │ ├── http-signature@1.1.1
75 silly idealTree │ ├── inflight@1.0.6
75 silly idealTree │ ├── inherits@2.0.3
75 silly idealTree │ ├── ini@1.3.4
75 silly idealTree │ ├── is-fullwidth-code-point@1.0.0
75 silly idealTree │ ├── is-my-json-valid@2.15.0
75 silly idealTree │ ├── is-property@1.0.2
75 silly idealTree │ ├── is-typedarray@1.0.0
75 silly idealTree │ ├── isarray@1.0.0
75 silly idealTree │ ├── isstream@0.1.2
75 silly idealTree │ ├── jodid25519@1.0.2
75 silly idealTree │ ├── jsbn@0.1.1
75 silly idealTree │ ├── json-schema@0.2.3
75 silly idealTree │ ├── json-stringify-safe@5.0.1
75 silly idealTree │ ├── jsonpointer@4.0.1
75 silly idealTree │ ├── jsprim@1.3.1
75 silly idealTree │ ├── mime-db@1.26.0
75 silly idealTree │ ├── mime-types@2.1.14
75 silly idealTree │ ├── minimatch@3.0.3
75 silly idealTree │ ├── minimist@0.0.8
75 silly idealTree │ ├── mkdirp@0.5.1
75 silly idealTree │ ├── ms@0.7.1
75 silly idealTree │ ├── node-pre-gyp@0.6.33
75 silly idealTree │ ├── nopt@3.0.6
75 silly idealTree │ ├── npmlog@4.0.2
75 silly idealTree │ ├── number-is-nan@1.0.1
75 silly idealTree │ ├── oauth-sign@0.8.2
75 silly idealTree │ ├── object-assign@4.1.1
75 silly idealTree │ ├── once@1.4.0
75 silly idealTree │ ├── path-is-absolute@1.0.1
75 silly idealTree │ ├── pinkie-promise@2.0.1
75 silly idealTree │ ├── pinkie@2.0.4
75 silly idealTree │ ├── process-nextick-args@1.0.7
75 silly idealTree │ ├── punycode@1.4.1
75 silly idealTree │ ├── qs@6.3.1
75 silly idealTree │ ├─┬ rc@1.1.7
75 silly idealTree │ │ └── minimist@1.2.0
75 silly idealTree │ ├── readable-stream@2.2.2
75 silly idealTree │ ├── request@2.79.0
75 silly idealTree │ ├── rimraf@2.5.4
75 silly idealTree │ ├── semver@5.3.0
75 silly idealTree │ ├── set-blocking@2.0.0
75 silly idealTree │ ├── signal-exit@3.0.2
75 silly idealTree │ ├── sntp@1.0.9
75 silly idealTree │ ├─┬ sshpk@1.10.2
75 silly idealTree │ │ └── assert-plus@1.0.0
75 silly idealTree │ ├── string_decoder@0.10.31
75 silly idealTree │ ├── string-width@1.0.2
75 silly idealTree │ ├── stringstream@0.0.5
75 silly idealTree │ ├── strip-ansi@3.0.1
75 silly idealTree │ ├── strip-json-comments@2.0.1
75 silly idealTree │ ├── supports-color@2.0.0
75 silly idealTree │ ├─┬ tar-pack@3.3.0
75 silly idealTree │ │ ├── once@1.3.3
75 silly idealTree │ │ └── readable-stream@2.1.5
75 silly idealTree │ ├── tar@2.2.1
75 silly idealTree │ ├── tough-cookie@2.3.2
75 silly idealTree │ ├── tunnel-agent@0.4.3
75 silly idealTree │ ├── tweetnacl@0.14.5
75 silly idealTree │ ├── uid-number@0.0.6
75 silly idealTree │ ├── util-deprecate@1.0.2
75 silly idealTree │ ├── uuid@3.0.1
75 silly idealTree │ ├── verror@1.3.6
75 silly idealTree │ ├── wide-align@1.1.0
75 silly idealTree │ ├── wrappy@1.0.2
75 silly idealTree │ └── xtend@4.0.1
75 silly idealTree ├── generate-function@2.0.0
75 silly idealTree ├── generate-object-property@1.2.0
75 silly idealTree ├── generic-pool@2.4.2
75 silly idealTree ├─┬ getpass@0.1.6
75 silly idealTree │ └── assert-plus@1.0.0
75 silly idealTree ├── glob@7.0.5
75 silly idealTree ├── graceful-fs@4.1.5
75 silly idealTree ├── graceful-readlink@1.0.1
75 silly idealTree ├── har-validator@2.0.6
75 silly idealTree ├── has-ansi@2.0.0
75 silly idealTree ├── hawk@3.1.3
75 silly idealTree ├── hoek@2.16.3
75 silly idealTree ├─┬ htmlparser2@3.8.3
75 silly idealTree │ └── entities@1.0.0
75 silly idealTree ├── http-errors@1.5.0
75 silly idealTree ├── http-signature@1.1.1
75 silly idealTree ├── httpntlm@1.6.1
75 silly idealTree ├── httpreq@0.4.22
75 silly idealTree ├── iconv-lite@0.4.13
75 silly idealTree ├── inflection@1.12.0
75 silly idealTree ├── inflight@1.0.5
75 silly idealTree ├── inherits@2.0.1
75 silly idealTree ├── ip@1.1.3
75 silly idealTree ├── ipaddr.js@1.1.1
75 silly idealTree ├── is-my-json-valid@2.13.1
75 silly idealTree ├── is-property@1.0.2
75 silly idealTree ├── is-typedarray@1.0.0
75 silly idealTree ├── is-windows@1.0.0
75 silly idealTree ├── isarray@0.0.1
75 silly idealTree ├── isexe@1.1.2
75 silly idealTree ├── isstream@0.1.2
75 silly idealTree ├── jodid25519@1.0.2
75 silly idealTree ├── jsbn@0.1.0
75 silly idealTree ├── jsdom@7.2.2
75 silly idealTree ├── json-schema@0.2.2
75 silly idealTree ├── json-stringify-safe@5.0.1
75 silly idealTree ├── jsonpointer@2.0.0
75 silly idealTree ├── jsprim@1.3.0
75 silly idealTree ├─┬ jszip@2.6.1
75 silly idealTree │ └── pako@1.0.3
75 silly idealTree ├─┬ lazystream@1.0.0
75 silly idealTree │ ├── isarray@1.0.0
75 silly idealTree │ └── readable-stream@2.1.4
75 silly idealTree ├── levn@0.3.0
75 silly idealTree ├── libbase64@0.1.0
75 silly idealTree ├── libmime@2.0.3
75 silly idealTree ├── libqp@1.1.0
75 silly idealTree ├── lodash@4.13.1
75 silly idealTree ├─┬ log4js@1.1.1
75 silly idealTree │ ├─┬ debug@2.6.1
75 silly idealTree │ │ └── ms@0.7.2
75 silly idealTree │ ├── semver@5.3.0
75 silly idealTree │ └─┬ streamroller@0.4.0
75 silly idealTree │   ├── date-format@0.0.0
75 silly idealTree │   ├── debug@0.7.4
75 silly idealTree │   ├─┬ mkdirp@0.5.1
75 silly idealTree │   │ └── minimist@0.0.8
75 silly idealTree │   └─┬ readable-stream@1.1.14
75 silly idealTree │     ├── core-util-is@1.0.2
75 silly idealTree │     ├── inherits@2.0.3
75 silly idealTree │     ├── isarray@0.0.1
75 silly idealTree │     └── string_decoder@0.10.31
75 silly idealTree ├── long-timeout@0.0.2
75 silly idealTree ├── lru-cache@4.0.2
75 silly idealTree ├── mailcomposer@3.10.0
75 silly idealTree ├── media-typer@0.3.0
75 silly idealTree ├── merge-descriptors@1.0.1
75 silly idealTree ├── methods@1.1.2
75 silly idealTree ├── mime-db@1.23.0
75 silly idealTree ├── mime-types@2.1.11
75 silly idealTree ├── mime@1.3.4
75 silly idealTree ├── minimatch@3.0.2
75 silly idealTree ├── minimist@0.0.8
75 silly idealTree ├── mkdirp@0.5.1
75 silly idealTree ├─┬ moment-timezone@0.5.11
75 silly idealTree │ └── moment@2.17.1
75 silly idealTree ├── moment@2.17.1
75 silly idealTree ├── ms@0.7.1
75 silly idealTree ├─┬ mysql-promise@4.1.0
75 silly idealTree │ ├── bluebird@3.5.0
75 silly idealTree │ └─┬ mysql@2.13.0
75 silly idealTree │   ├── bignumber.js@3.1.2
75 silly idealTree │   ├── readable-stream@1.1.14
75 silly idealTree │   └── sqlstring@2.2.0
75 silly idealTree ├── mysql@2.13.0
75 silly idealTree ├── nan@2.5.1
75 silly idealTree ├── negotiator@0.6.1
75 silly idealTree ├── node-int64@0.4.0
75 silly idealTree ├── node-schedule@1.1.1
75 silly idealTree ├── node-uuid@1.4.7
75 silly idealTree ├── nodemailer-direct-transport@3.2.0
75 silly idealTree ├── nodemailer-fetch@1.4.0
75 silly idealTree ├── nodemailer-shared@1.0.5
75 silly idealTree ├── nodemailer-smtp-pool@2.7.0
75 silly idealTree ├── nodemailer-smtp-transport@2.6.0
75 silly idealTree ├── nodemailer-wellknown@0.1.10
75 silly idealTree ├── nodemailer@2.5.0
75 silly idealTree ├── normalize-path@2.0.1
75 silly idealTree ├── nth-check@1.0.1
75 silly idealTree ├── nwmatcher@1.3.8
75 silly idealTree ├── oauth-sign@0.8.2
75 silly idealTree ├── on-finished@2.3.0
75 silly idealTree ├── once@1.3.3
75 silly idealTree ├── optionator@0.8.1
75 silly idealTree ├── parse5@1.5.1
75 silly idealTree ├── parseurl@1.3.1
75 silly idealTree ├── path-is-absolute@1.0.0
75 silly idealTree ├── path-to-regexp@0.1.7
75 silly idealTree ├── path@0.12.7
75 silly idealTree ├── pinkie-promise@2.0.1
75 silly idealTree ├── pinkie@2.0.4
75 silly idealTree ├─┬ pm2@1.1.3
75 silly idealTree │ ├── chalk@1.1.1
75 silly idealTree │ ├─┬ chokidar@1.4.3
75 silly idealTree │ │ ├─┬ anymatch@1.3.0
75 silly idealTree │ │ │ ├── arrify@1.0.1
75 silly idealTree │ │ │ └─┬ micromatch@2.3.11
75 silly idealTree │ │ │   ├─┬ arr-diff@2.0.0
75 silly idealTree │ │ │   │ └── arr-flatten@1.0.1
75 silly idealTree │ │ │   ├── array-unique@0.2.1
75 silly idealTree │ │ │   ├─┬ braces@1.8.5
75 silly idealTree │ │ │   │ ├─┬ expand-range@1.8.2
75 silly idealTree │ │ │   │ │ └─┬ fill-range@2.2.3
75 silly idealTree │ │ │   │ │   ├── is-number@2.1.0
75 silly idealTree │ │ │   │ │   ├─┬ isobject@2.1.0
75 silly idealTree │ │ │   │ │   │ └── isarray@1.0.0
75 silly idealTree │ │ │   │ │   ├── randomatic@1.1.5
75 silly idealTree │ │ │   │ │   └── repeat-string@1.5.4
75 silly idealTree │ │ │   │ ├── preserve@0.2.0
75 silly idealTree │ │ │   │ └── repeat-element@1.1.2
75 silly idealTree │ │ │   ├─┬ expand-brackets@0.1.5
75 silly idealTree │ │ │   │ └── is-posix-bracket@0.1.1
75 silly idealTree │ │ │   ├── extglob@0.3.2
75 silly idealTree │ │ │   ├── filename-regex@2.0.0
75 silly idealTree │ │ │   ├── is-extglob@1.0.0
75 silly idealTree │ │ │   ├─┬ kind-of@3.0.4
75 silly idealTree │ │ │   │ └── is-buffer@1.1.4
75 silly idealTree │ │ │   ├─┬ object.omit@2.0.0
75 silly idealTree │ │ │   │ ├─┬ for-own@0.1.4
75 silly idealTree │ │ │   │ │ └── for-in@0.1.5
75 silly idealTree │ │ │   │ └── is-extendable@0.1.1
75 silly idealTree │ │ │   ├─┬ parse-glob@3.0.4
75 silly idealTree │ │ │   │ ├── glob-base@0.3.0
75 silly idealTree │ │ │   │ └── is-dotfile@1.0.2
75 silly idealTree │ │ │   └─┬ regex-cache@0.4.3
75 silly idealTree │ │ │     ├── is-equal-shallow@0.1.3
75 silly idealTree │ │ │     └── is-primitive@2.0.0
75 silly idealTree │ │ ├── async-each@1.0.0
75 silly idealTree │ │ ├── glob-parent@2.0.0
75 silly idealTree │ │ ├─┬ is-binary-path@1.0.1
75 silly idealTree │ │ │ └── binary-extensions@1.5.0
75 silly idealTree │ │ ├─┬ is-glob@2.0.1
75 silly idealTree │ │ │ └── is-extglob@1.0.0
75 silly idealTree │ │ └─┬ readdirp@2.1.0
75 silly idealTree │ │   ├─┬ readable-stream@2.1.4
75 silly idealTree │ │   │ └── isarray@1.0.0
75 silly idealTree │ │   └── set-immediate-shim@1.0.1
75 silly idealTree │ ├─┬ cli-table@0.3.1
75 silly idealTree │ │ └── colors@1.0.3
75 silly idealTree │ ├── coffee-script@1.10.0
75 silly idealTree │ ├─┬ cron@1.1.0
75 silly idealTree │ │ └── moment-timezone@0.3.1
75 silly idealTree │ ├── eventemitter2@0.4.14
75 silly idealTree │ ├── ikt@0.0.0
75 silly idealTree │ ├─┬ mkdirp@0.5.1
75 silly idealTree │ │ └── minimist@0.0.8
75 silly idealTree │ ├── moment@2.14.1
75 silly idealTree │ ├─┬ nssocket@0.6.0
75 silly idealTree │ │ └── lazy@1.0.11
75 silly idealTree │ ├── pidusage@1.0.4
75 silly idealTree │ ├─┬ pm2-axon-rpc@0.3.6
75 silly idealTree │ │ └─┬ commander@1.0.5
75 silly idealTree │ │   └── keypress@0.1.0
75 silly idealTree │ ├─┬ pm2-axon@2.0.11
75 silly idealTree │ │ ├── amp-message@0.1.2
75 silly idealTree │ │ ├── amp@0.3.1
75 silly idealTree │ │ ├── configurable@0.0.1
75 silly idealTree │ │ └── escape-regexp@0.0.1
75 silly idealTree │ ├─┬ pm2-deploy@0.2.1
75 silly idealTree │ │ ├── async@1.4.2
75 silly idealTree │ │ └── tv4@1.0.18
75 silly idealTree │ ├─┬ pm2-multimeter@0.1.2
75 silly idealTree │ │ └── charm@0.1.2
75 silly idealTree │ ├── pmx@0.6.2
75 silly idealTree │ ├── semver@5.1.1
75 silly idealTree │ ├── shelljs@0.6.0
75 silly idealTree │ ├─┬ source-map-support@0.4.0
75 silly idealTree │ │ └── source-map@0.1.32
75 silly idealTree │ ├── vizion@0.2.13
75 silly idealTree │ └─┬ yamljs@0.2.7
75 silly idealTree │   ├─┬ argparse@0.1.16
75 silly idealTree │   │ └── underscore.string@2.4.0
75 silly idealTree │   └─┬ glob@4.5.3
75 silly idealTree │     └── minimatch@2.0.10
75 silly idealTree ├── prelude-ls@1.1.2
75 silly idealTree ├── process-nextick-args@1.0.7
75 silly idealTree ├── process@0.11.5
75 silly idealTree ├── promise-mysql@3.0.0
75 silly idealTree ├── proxy-addr@1.1.2
75 silly idealTree ├── pseudomap@1.0.2
75 silly idealTree ├── punycode@1.3.2
75 silly idealTree ├── q@1.4.1
75 silly idealTree ├── qs@6.2.1
75 silly idealTree ├── querystring@0.2.0
75 silly idealTree ├── range-parser@1.2.0
75 silly idealTree ├── readable-stream@1.1.14
75 silly idealTree ├─┬ request-promise-core@1.1.1
75 silly idealTree │ └── lodash@4.17.4
75 silly idealTree ├─┬ request-promise@4.1.1
75 silly idealTree │ ├── bluebird@3.5.0
75 silly idealTree │ ├── request-promise-core@1.1.1
75 silly idealTree │ └── stealthy-require@1.0.0
75 silly idealTree ├─┬ request@2.74.0
75 silly idealTree │ └── tough-cookie@2.3.1
75 silly idealTree ├─┬ retry-as-promised@2.2.0
75 silly idealTree │ ├── bluebird@3.5.0
75 silly idealTree │ ├── cross-env@3.2.3
75 silly idealTree │ └── debug@2.6.1
75 silly idealTree ├── sax@1.2.1
75 silly idealTree ├── semver@5.3.0
75 silly idealTree ├── send@0.14.1
75 silly idealTree ├─┬ sequelize@3.30.2
75 silly idealTree │ ├── bluebird@3.5.0
75 silly idealTree │ ├── depd@1.1.0
75 silly idealTree │ ├── dottie@1.1.1
75 silly idealTree │ ├── generic-pool@2.4.2
75 silly idealTree │ ├── inflection@1.12.0
75 silly idealTree │ ├── lodash@4.12.0
75 silly idealTree │ ├── moment-timezone@0.5.11
75 silly idealTree │ ├── moment@2.17.1
75 silly idealTree │ ├── retry-as-promised@2.2.0
75 silly idealTree │ ├── semver@5.3.0
75 silly idealTree │ ├── shimmer@1.1.0
75 silly idealTree │ ├─┬ terraformer-wkt-parser@1.1.2
75 silly idealTree │ │ └── terraformer@1.0.7
75 silly idealTree │ ├── toposort-class@1.0.1
75 silly idealTree │ ├── uuid@3.0.1
75 silly idealTree │ ├── validator@5.7.0
75 silly idealTree │ └── wkx@0.2.0
75 silly idealTree ├── serve-static@1.11.1
75 silly idealTree ├── setprototypeof@1.0.1
75 silly idealTree ├── shebang-command@1.2.0
75 silly idealTree ├── shebang-regex@1.0.0
75 silly idealTree ├── shimmer@1.1.0
75 silly idealTree ├── smart-buffer@1.0.11
75 silly idealTree ├── smtp-connection@2.8.0
75 silly idealTree ├── sntp@1.0.9
75 silly idealTree ├── socks@1.1.9
75 silly idealTree ├── source-map@0.2.0
75 silly idealTree ├── sqlstring@2.2.0
75 silly idealTree ├─┬ sshpk@1.9.1
75 silly idealTree │ └── assert-plus@1.0.0
75 silly idealTree ├── statuses@1.3.0
75 silly idealTree ├── stealthy-require@1.0.0
75 silly idealTree ├── streamroller@0.4.0
75 silly idealTree ├── string_decoder@0.10.31
75 silly idealTree ├── stringstream@0.0.5
75 silly idealTree ├── strip-ansi@3.0.1
75 silly idealTree ├── supports-color@2.0.0
75 silly idealTree ├── symbol-tree@3.1.4
75 silly idealTree ├─┬ tar-stream@1.5.2
75 silly idealTree │ ├── isarray@1.0.0
75 silly idealTree │ └── readable-stream@2.1.4
75 silly idealTree ├── terraformer-wkt-parser@1.1.2
75 silly idealTree ├── terraformer@1.0.7
75 silly idealTree ├── toposort-class@1.0.1
75 silly idealTree ├── tough-cookie@2.2.2
75 silly idealTree ├── tr46@0.0.3
75 silly idealTree ├── tunnel-agent@0.4.3
75 silly idealTree ├── tweetnacl@0.13.3
75 silly idealTree ├── type-check@0.3.2
75 silly idealTree ├── type-is@1.6.13
75 silly idealTree ├── underscore@1.7.0
75 silly idealTree ├── unpipe@1.0.0
75 silly idealTree ├── url@0.11.0
75 silly idealTree ├── util-deprecate@1.0.2
75 silly idealTree ├── util@0.10.3
75 silly idealTree ├── utils-merge@1.0.0
75 silly idealTree ├── uuid@3.0.1
75 silly idealTree ├── validator@5.7.0
75 silly idealTree ├── vary@1.1.0
75 silly idealTree ├── verror@1.3.6
75 silly idealTree ├── webidl-conversions@2.0.1
75 silly idealTree ├── whatwg-url-compat@0.6.5
75 silly idealTree ├── which@1.2.12
75 silly idealTree ├── wkx@0.2.0
75 silly idealTree ├── wordwrap@1.0.0
75 silly idealTree ├── wrappy@1.0.2
75 silly idealTree ├── xml-name-validator@2.0.1
75 silly idealTree ├── xtend@4.0.1
75 silly idealTree ├── yallist@2.0.0
75 silly idealTree ├─┬ zip-archiver@0.0.4
75 silly idealTree │ └── walkdir@0.0.11
75 silly idealTree ├─┬ zip-stream@1.0.0
75 silly idealTree │ ├── isarray@1.0.0
75 silly idealTree │ └── readable-stream@2.1.4
75 silly idealTree └── zlib@1.0.5
76 silly generateActionsToTake Starting
77 silly install generateActionsToTake
78 silly generateActionsToTake Finishing
79 silly diffTrees action count 1
80 silly diffTrees add zlib@1.0.5
81 silly decomposeActions action count 8
82 silly decomposeActions fetch zlib@1.0.5
83 silly decomposeActions extract zlib@1.0.5
84 silly decomposeActions test zlib@1.0.5
85 silly decomposeActions preinstall zlib@1.0.5
86 silly decomposeActions build zlib@1.0.5
87 silly decomposeActions install zlib@1.0.5
88 silly decomposeActions postinstall zlib@1.0.5
89 silly decomposeActions finalize zlib@1.0.5
90 silly runTopLevelLifecycles Starting
91 silly executeActions Starting
92 silly install executeActions
93 silly doSerial global-install 0
94 silly doParallel fetch 1
95 verbose correctMkdir /Users/zhoucaiguang/.npm/_locks correctMkdir not in flight; initializing
96 verbose lock using /Users/zhoucaiguang/.npm/_locks/staging-d9bf785b992492db.lock for /Users/zhoucaiguang/WWW/DownloadYouLike/node_modules/.staging
97 silly doParallel extract 1
98 silly extract zlib@1.0.5
99 verbose unbuild node_modules/.staging/zlib-94374d57
100 silly gentlyRm /Users/zhoucaiguang/WWW/DownloadYouLike/node_modules/.staging/zlib-94374d57 is being purged from base /Users/zhoucaiguang/WWW/DownloadYouLike
101 verbose gentlyRm don't care about contents; nuking /Users/zhoucaiguang/WWW/DownloadYouLike/node_modules/.staging/zlib-94374d57
102 verbose tar unpack /Users/zhoucaiguang/.npm/zlib/1.0.5/package.tgz
103 verbose tar unpacking to /Users/zhoucaiguang/WWW/DownloadYouLike/node_modules/.staging/zlib-94374d57
104 silly gentlyRm /Users/zhoucaiguang/WWW/DownloadYouLike/node_modules/.staging/zlib-94374d57 is being purged
105 verbose gentlyRm don't care about contents; nuking /Users/zhoucaiguang/WWW/DownloadYouLike/node_modules/.staging/zlib-94374d57
106 silly gunzTarPerm modes [ '755', '644' ]
107 silly gunzTarPerm extractEntry .gitignore
108 silly gunzTarPerm extractEntry configure
109 silly gunzTarPerm extractEntry index.js
110 silly gunzTarPerm extractEntry LICENSE
111 silly gunzTarPerm extractEntry Makefile
112 silly gunzTarPerm extractEntry package.json
113 silly gunzTarPerm extractEntry README.md
114 silly gunzTarPerm extractEntry wscript
115 silly gunzTarPerm extractEntry lib/zlib.js
116 silly gunzTarPerm extractEntry src/node-zlib.cc
117 silly gunzTarPerm extractEntry test/deflate.test.js
118 silly gunzTarPerm extractEntry test/inflate.test.js
119 silly gentlyRm /Users/zhoucaiguang/WWW/DownloadYouLike/node_modules/.staging/zlib-94374d57/node_modules is being purged
120 verbose gentlyRm don't care about contents; nuking /Users/zhoucaiguang/WWW/DownloadYouLike/node_modules/.staging/zlib-94374d57/node_modules
121 silly doParallel preinstall 1
122 silly preinstall zlib@1.0.5 /Users/zhoucaiguang/WWW/DownloadYouLike/node_modules/.staging/zlib-94374d57
123 info lifecycle zlib@1.0.5~preinstall: zlib@1.0.5
124 verbose lifecycle zlib@1.0.5~preinstall: unsafe-perm in lifecycle true
125 verbose lifecycle zlib@1.0.5~preinstall: PATH: /usr/local/lib/node_modules/npm/bin/node-gyp-bin:/Users/zhoucaiguang/WWW/DownloadYouLike/node_modules/.staging/zlib-94374d57/node_modules/.bin:/Users/zhoucaiguang/WWW/DownloadYouLike/node_modules/.bin:/usr/local/bin:/usr/bin:/bin:/usr/sbin:/sbin:/opt/X11/bin:/usr/local/go/bin
126 verbose lifecycle zlib@1.0.5~preinstall: CWD: /Users/zhoucaiguang/WWW/DownloadYouLike/node_modules/.staging/zlib-94374d57
127 silly lifecycle zlib@1.0.5~preinstall: Args: [ '-c', 'node-waf clean || true; node-waf configure build' ]
128 info lifecycle zlib@1.0.5~preinstall: Failed to exec preinstall script
129 verbose unlock done using /Users/zhoucaiguang/.npm/_locks/staging-d9bf785b992492db.lock for /Users/zhoucaiguang/WWW/DownloadYouLike/node_modules/.staging
130 silly rollbackFailedOptional Starting
131 silly rollbackFailedOptional Finishing
132 silly runTopLevelLifecycles Finishing
133 silly install printInstalled
134 verbose stack Error: zlib@1.0.5 preinstall: `node-waf clean || true; node-waf configure build`
134 verbose stack spawn ENOENT
134 verbose stack     at ChildProcess.<anonymous> (/usr/local/lib/node_modules/npm/lib/utils/spawn.js:33:16)
134 verbose stack     at emitTwo (events.js:106:13)
134 verbose stack     at ChildProcess.emit (events.js:191:7)
134 verbose stack     at maybeClose (internal/child_process.js:877:16)
134 verbose stack     at Process.ChildProcess._handle.onexit (internal/child_process.js:226:5)
135 verbose pkgid zlib@1.0.5
136 verbose cwd /Users/zhoucaiguang/WWW/DownloadYouLike
137 error Darwin 16.3.0
138 error argv "/usr/local/bin/node" "/usr/local/bin/npm" "install" "zlib"
139 error node v6.10.0
140 error npm  v3.10.10
141 error file sh
142 error code ELIFECYCLE
143 error errno ENOENT
144 error syscall spawn
145 error zlib@1.0.5 preinstall: `node-waf clean || true; node-waf configure build`
145 error spawn ENOENT
146 error Failed at the zlib@1.0.5 preinstall script 'node-waf clean || true; node-waf configure build'.
146 error Make sure you have the latest version of node.js and npm installed.
146 error If you do, this is most likely a problem with the zlib package,
146 error not with npm itself.
146 error Tell the author that this fails on your system:
146 error     node-waf clean || true; node-waf configure build
146 error You can get information on how to open an issue for this project with:
146 error     npm bugs zlib
146 error Or if that isn't available, you can get their info via:
146 error     npm owner ls zlib
146 error There is likely additional logging output above.
147 verbose exit [ 1, true ]
