[2017-03-08 21:24:49.751] [DEBUG] users - I'm in the users module.
[2017-03-08 21:28:00.217] [DEBUG] [default] - I'm in the users module.
[2017-03-08 21:28:00.220] [DEBUG] [default] - I'm in the users module.
[2017-03-08 21:28:00.221] [DEBUG] [default] - I'm in the users module.
[2017-03-08 21:28:00.221] [DEBUG] [default] - I'm in the users module.
[2017-03-08 21:28:00.221] [DEBUG] [default] - I'm in the users module.
[2017-03-08 21:28:00.221] [DEBUG] [default] - I'm in the users module.
[2017-03-13 13:19:26.350] [ERROR] [default] - url error
[2017-03-13 13:19:27.352] [ERROR] [default] - url error
[2017-03-13 13:19:28.687] [ERROR] [default] - url error
[2017-03-13 13:19:29.476] [ERROR] [default] - url error
[2017-03-13 13:19:30.108] [ERROR] [default] - url error
[2017-03-13 13:20:38.461] [ERROR] [default] - url error
[2017-03-13 13:20:39.218] [ERROR] [default] - url error
[2017-03-13 13:20:40.254] [ERROR] [default] - url error
[2017-03-13 13:20:41.053] [ERROR] [default] - url error
[2017-03-13 13:21:20.805] [ERROR] [default] - url error
[2017-03-13 13:21:21.457] [ERROR] [default] - url error
[2017-03-13 13:21:22.402] [ERROR] [default] - url error
[2017-03-13 13:21:23.158] [ERROR] [default] - url error
[2017-03-13 13:21:23.931] [ERROR] [default] - url error
[2017-03-13 13:21:24.695] [ERROR] [default] - url error
[2017-03-13 13:21:25.583] [ERROR] [default] - url error
[2017-03-13 13:21:27.009] [ERROR] [default] - url error
[2017-03-13 13:21:28.309] [ERROR] [default] - url error
[2017-03-13 13:21:41.167] [ERROR] [default] - url error
[2017-03-13 13:21:41.993] [ERROR] [default] - url error
[2017-03-13 13:21:57.261] [ERROR] [default] - url error
[2017-03-13 13:21:58.058] [ERROR] [default] - url error
[2017-03-14 13:47:13.028] [ERROR] [default] - { RequestError: Error: socket hang up
    at new RequestError (/Users/zhoucaiguang/WWW/DownloadYouLike/node_modules/.1.1.1@request-promise-core/lib/errors.js:14:15)
    at Request.plumbing.callback (/Users/zhoucaiguang/WWW/DownloadYouLike/node_modules/.1.1.1@request-promise-core/lib/plumbing.js:87:29)
    at Request.RP$callback [as _callback] (/Users/zhoucaiguang/WWW/DownloadYouLike/node_modules/.1.1.1@request-promise-core/lib/plumbing.js:46:31)
    at self.callback (/Users/zhoucaiguang/WWW/DownloadYouLike/node_modules/request/request.js:187:22)
    at emitOne (events.js:96:13)
    at Request.emit (events.js:188:7)
    at Request.onRequestError (/Users/zhoucaiguang/WWW/DownloadYouLike/node_modules/request/request.js:813:8)
    at emitOne (events.js:96:13)
    at ClientRequest.emit (events.js:188:7)
    at Socket.socketOnEnd (_http_client.js:346:9)
    at emitNone (events.js:91:20)
    at Socket.emit (events.js:185:7)
    at endReadableNT (_stream_readable.js:974:12)
    at _combinedTickCallback (internal/process/next_tick.js:74:11)
    at process._tickCallback (internal/process/next_tick.js:98:9)
  name: 'RequestError',
  message: 'Error: socket hang up',
  cause: 
   { Error: socket hang up
       at createHangUpError (_http_client.js:254:15)
       at Socket.socketOnEnd (_http_client.js:346:23)
       at emitNone (events.js:91:20)
       at Socket.emit (events.js:185:7)
       at endReadableNT (_stream_readable.js:974:12)
       at _combinedTickCallback (internal/process/next_tick.js:74:11)
       at process._tickCallback (internal/process/next_tick.js:98:9) code: 'ECONNRESET' },
  error: 
   { Error: socket hang up
       at createHangUpError (_http_client.js:254:15)
       at Socket.socketOnEnd (_http_client.js:346:23)
       at emitNone (events.js:91:20)
       at Socket.emit (events.js:185:7)
       at endReadableNT (_stream_readable.js:974:12)
       at _combinedTickCallback (internal/process/next_tick.js:74:11)
       at process._tickCallback (internal/process/next_tick.js:98:9) code: 'ECONNRESET' },
  options: 
   { uri: 'http://girl-atlas.net/album/576545e158e039318beb3909',
     qs: {},
     callback: [Function: RP$callback],
     transform: undefined,
     simple: true,
     resolveWithFullResponse: false,
     transform2xxOnly: false },
  response: undefined }
