0 info it worked if it ends with ok
1 verbose cli [ '/usr/local/bin/node',
1 verbose cli   '/usr/local/bin/npm',
1 verbose cli   'uninstall',
1 verbose cli   'pm2',
1 verbose cli   '-g' ]
2 info using npm@3.10.10
3 info using node@v6.10.0
4 silly loadCurrentTree Starting
5 silly install loadCurrentTree
6 silly install readGlobalPackageData
7 silly install normalizeTree
8 silly loadCurrentTree Finishing
9 silly loadIdealTree Starting
10 silly install loadIdealTree
11 silly cloneCurrentTree Starting
12 silly install cloneCurrentTreeToIdealTree
13 silly cloneCurrentTree Finishing
14 silly loadShrinkwrap Starting
15 silly install loadShrinkwrap
16 silly loadShrinkwrap Finishing
17 silly loadAllDepsIntoIdealTree Starting
18 silly uninstall loadAllDepsIntoIdealtree
19 silly loadAllDepsIntoIdealTree Finishing
20 silly loadIdealTree Finishing
21 silly currentTree lib
21 silly currentTree └─┬ pm2@2.4.2
21 silly currentTree   ├─┬ amp-message@0.1.2
21 silly currentTree   │ └── amp@0.3.1
21 silly currentTree   ├── amp@0.3.1
21 silly currentTree   ├── ansi-regex@2.1.1
21 silly currentTree   ├── ansi-styles@2.2.1
21 silly currentTree   ├─┬ anymatch@1.3.0
21 silly currentTree   │ ├── arrify@1.0.1
21 silly currentTree   │ └─┬ micromatch@2.3.11
21 silly currentTree   │   ├─┬ arr-diff@2.0.0
21 silly currentTree   │   │ └── arr-flatten@1.0.1
21 silly currentTree   │   ├── array-unique@0.2.1
21 silly currentTree   │   ├─┬ braces@1.8.5
21 silly currentTree   │   │ ├─┬ expand-range@1.8.2
21 silly currentTree   │   │ │ └─┬ fill-range@2.2.3
21 silly currentTree   │   │ │   ├─┬ is-number@2.1.0
21 silly currentTree   │   │ │   │ └─┬ kind-of@3.1.0
21 silly currentTree   │   │ │   │   └── is-buffer@1.1.5
21 silly currentTree   │   │ │   ├─┬ isobject@2.1.0
21 silly currentTree   │   │ │   │ └── isarray@1.0.0
21 silly currentTree   │   │ │   ├─┬ randomatic@1.1.6
21 silly currentTree   │   │ │   │ ├── is-number@2.1.0
21 silly currentTree   │   │ │   │ └── kind-of@3.1.0
21 silly currentTree   │   │ │   ├── repeat-element@1.1.2
21 silly currentTree   │   │ │   └── repeat-string@1.6.1
21 silly currentTree   │   │ ├── preserve@0.2.0
21 silly currentTree   │   │ └── repeat-element@1.1.2
21 silly currentTree   │   ├─┬ expand-brackets@0.1.5
21 silly currentTree   │   │ └── is-posix-bracket@0.1.1
21 silly currentTree   │   ├─┬ extglob@0.3.2
21 silly currentTree   │   │ └── is-extglob@1.0.0
21 silly currentTree   │   ├── filename-regex@2.0.0
21 silly currentTree   │   ├── is-extglob@1.0.0
21 silly currentTree   │   ├─┬ is-glob@2.0.1
21 silly currentTree   │   │ └── is-extglob@1.0.0
21 silly currentTree   │   ├── kind-of@3.1.0
21 silly currentTree   │   ├── normalize-path@2.0.1
21 silly currentTree   │   ├─┬ object.omit@2.0.1
21 silly currentTree   │   │ ├─┬ for-own@0.1.5
21 silly currentTree   │   │ │ └── for-in@1.0.2
21 silly currentTree   │   │ └── is-extendable@0.1.1
21 silly currentTree   │   ├─┬ parse-glob@3.0.4
21 silly currentTree   │   │ ├─┬ glob-base@0.3.0
21 silly currentTree   │   │ │ ├─┬ glob-parent@2.0.0
21 silly currentTree   │   │ │ │ └── is-glob@2.0.1
21 silly currentTree   │   │ │ └── is-glob@2.0.1
21 silly currentTree   │   │ ├── is-dotfile@1.0.2
21 silly currentTree   │   │ ├── is-extglob@1.0.0
21 silly currentTree   │   │ └── is-glob@2.0.1
21 silly currentTree   │   └─┬ regex-cache@0.4.3
21 silly currentTree   │     ├─┬ is-equal-shallow@0.1.3
21 silly currentTree   │     │ └── is-primitive@2.0.0
21 silly currentTree   │     └── is-primitive@2.0.0
21 silly currentTree   ├─┬ argparse@1.0.9
21 silly currentTree   │ └── sprintf-js@1.0.3
21 silly currentTree   ├── arr-diff@2.0.0
21 silly currentTree   ├── arr-flatten@1.0.1
21 silly currentTree   ├── array-unique@0.2.1
21 silly currentTree   ├── arrify@1.0.1
21 silly currentTree   ├── async-each@1.0.1
21 silly currentTree   ├─┬ async-listener@0.6.4
21 silly currentTree   │ ├── semver@5.3.0
21 silly currentTree   │ └── shimmer@1.1.0
21 silly currentTree   ├── async@1.5.2
21 silly currentTree   ├── balanced-match@0.4.2
21 silly currentTree   ├── binary-extensions@1.8.0
21 silly currentTree   ├── blessed@0.1.81
21 silly currentTree   ├─┬ brace-expansion@1.1.6
21 silly currentTree   │ ├── balanced-match@0.4.2
21 silly currentTree   │ └── concat-map@0.0.1
21 silly currentTree   ├── braces@1.8.5
21 silly currentTree   ├── buffer-shims@1.0.0
21 silly currentTree   ├─┬ chalk@1.1.3
21 silly currentTree   │ ├── ansi-styles@2.2.1
21 silly currentTree   │ ├── escape-string-regexp@1.0.5
21 silly currentTree   │ ├─┬ has-ansi@2.0.0
21 silly currentTree   │ │ └── ansi-regex@2.1.1
21 silly currentTree   │ ├─┬ strip-ansi@3.0.1
21 silly currentTree   │ │ └── ansi-regex@2.1.1
21 silly currentTree   │ └── supports-color@2.0.0
21 silly currentTree   ├── charm@0.1.2
21 silly currentTree   ├─┬ chokidar@1.6.1
21 silly currentTree   │ ├── anymatch@1.3.0
21 silly currentTree   │ ├── async-each@1.0.1
21 silly currentTree   │ ├─┬ fsevents@1.1.1
21 silly currentTree   │ │ ├── abbrev@1.1.0
21 silly currentTree   │ │ ├── ansi-regex@2.1.1
21 silly currentTree   │ │ ├── ansi-styles@2.2.1
21 silly currentTree   │ │ ├── aproba@1.1.1
21 silly currentTree   │ │ ├── are-we-there-yet@1.1.2
21 silly currentTree   │ │ ├── asn1@0.2.3
21 silly currentTree   │ │ ├── assert-plus@0.2.0
21 silly currentTree   │ │ ├── asynckit@0.4.0
21 silly currentTree   │ │ ├── aws-sign2@0.6.0
21 silly currentTree   │ │ ├── aws4@1.6.0
21 silly currentTree   │ │ ├── balanced-match@0.4.2
21 silly currentTree   │ │ ├── bcrypt-pbkdf@1.0.1
21 silly currentTree   │ │ ├── block-stream@0.0.9
21 silly currentTree   │ │ ├── boom@2.10.1
21 silly currentTree   │ │ ├── brace-expansion@1.1.6
21 silly currentTree   │ │ ├── buffer-shims@1.0.0
21 silly currentTree   │ │ ├── caseless@0.11.0
21 silly currentTree   │ │ ├── chalk@1.1.3
21 silly currentTree   │ │ ├── code-point-at@1.1.0
21 silly currentTree   │ │ ├── combined-stream@1.0.5
21 silly currentTree   │ │ ├── commander@2.9.0
21 silly currentTree   │ │ ├── concat-map@0.0.1
21 silly currentTree   │ │ ├── console-control-strings@1.1.0
21 silly currentTree   │ │ ├── core-util-is@1.0.2
21 silly currentTree   │ │ ├── cryptiles@2.0.5
21 silly currentTree   │ │ ├─┬ dashdash@1.14.1
21 silly currentTree   │ │ │ └── assert-plus@1.0.0
21 silly currentTree   │ │ ├── debug@2.2.0
21 silly currentTree   │ │ ├── deep-extend@0.4.1
21 silly currentTree   │ │ ├── delayed-stream@1.0.0
21 silly currentTree   │ │ ├── delegates@1.0.0
21 silly currentTree   │ │ ├── ecc-jsbn@0.1.1
21 silly currentTree   │ │ ├── escape-string-regexp@1.0.5
21 silly currentTree   │ │ ├── extend@3.0.0
21 silly currentTree   │ │ ├── extsprintf@1.0.2
21 silly currentTree   │ │ ├── forever-agent@0.6.1
21 silly currentTree   │ │ ├── form-data@2.1.2
21 silly currentTree   │ │ ├── fs.realpath@1.0.0
21 silly currentTree   │ │ ├── fstream-ignore@1.0.5
21 silly currentTree   │ │ ├── fstream@1.0.10
21 silly currentTree   │ │ ├── gauge@2.7.3
21 silly currentTree   │ │ ├── generate-function@2.0.0
21 silly currentTree   │ │ ├── generate-object-property@1.2.0
21 silly currentTree   │ │ ├─┬ getpass@0.1.6
21 silly currentTree   │ │ │ └── assert-plus@1.0.0
21 silly currentTree   │ │ ├── glob@7.1.1
21 silly currentTree   │ │ ├── graceful-fs@4.1.11
21 silly currentTree   │ │ ├── graceful-readlink@1.0.1
21 silly currentTree   │ │ ├── har-validator@2.0.6
21 silly currentTree   │ │ ├── has-ansi@2.0.0
21 silly currentTree   │ │ ├── has-unicode@2.0.1
21 silly currentTree   │ │ ├── hawk@3.1.3
21 silly currentTree   │ │ ├── hoek@2.16.3
21 silly currentTree   │ │ ├── http-signature@1.1.1
21 silly currentTree   │ │ ├── inflight@1.0.6
21 silly currentTree   │ │ ├── inherits@2.0.3
21 silly currentTree   │ │ ├── ini@1.3.4
21 silly currentTree   │ │ ├── is-fullwidth-code-point@1.0.0
21 silly currentTree   │ │ ├── is-my-json-valid@2.15.0
21 silly currentTree   │ │ ├── is-property@1.0.2
21 silly currentTree   │ │ ├── is-typedarray@1.0.0
21 silly currentTree   │ │ ├── isarray@1.0.0
21 silly currentTree   │ │ ├── isstream@0.1.2
21 silly currentTree   │ │ ├── jodid25519@1.0.2
21 silly currentTree   │ │ ├── jsbn@0.1.1
21 silly currentTree   │ │ ├── json-schema@0.2.3
21 silly currentTree   │ │ ├── json-stringify-safe@5.0.1
21 silly currentTree   │ │ ├── jsonpointer@4.0.1
21 silly currentTree   │ │ ├── jsprim@1.3.1
21 silly currentTree   │ │ ├── mime-db@1.26.0
21 silly currentTree   │ │ ├── mime-types@2.1.14
21 silly currentTree   │ │ ├── minimatch@3.0.3
21 silly currentTree   │ │ ├── minimist@0.0.8
21 silly currentTree   │ │ ├── mkdirp@0.5.1
21 silly currentTree   │ │ ├── ms@0.7.1
21 silly currentTree   │ │ ├── nan@2.5.1
21 silly currentTree   │ │ ├── node-pre-gyp@0.6.33
21 silly currentTree   │ │ ├── nopt@3.0.6
21 silly currentTree   │ │ ├── npmlog@4.0.2
21 silly currentTree   │ │ ├── number-is-nan@1.0.1
21 silly currentTree   │ │ ├── oauth-sign@0.8.2
21 silly currentTree   │ │ ├── object-assign@4.1.1
21 silly currentTree   │ │ ├── once@1.4.0
21 silly currentTree   │ │ ├── path-is-absolute@1.0.1
21 silly currentTree   │ │ ├── pinkie-promise@2.0.1
21 silly currentTree   │ │ ├── pinkie@2.0.4
21 silly currentTree   │ │ ├── process-nextick-args@1.0.7
21 silly currentTree   │ │ ├── punycode@1.4.1
21 silly currentTree   │ │ ├── qs@6.3.1
21 silly currentTree   │ │ ├─┬ rc@1.1.7
21 silly currentTree   │ │ │ └── minimist@1.2.0
21 silly currentTree   │ │ ├── readable-stream@2.2.2
21 silly currentTree   │ │ ├── request@2.79.0
21 silly currentTree   │ │ ├── rimraf@2.5.4
21 silly currentTree   │ │ ├── semver@5.3.0
21 silly currentTree   │ │ ├── set-blocking@2.0.0
21 silly currentTree   │ │ ├── signal-exit@3.0.2
21 silly currentTree   │ │ ├── sntp@1.0.9
21 silly currentTree   │ │ ├─┬ sshpk@1.10.2
21 silly currentTree   │ │ │ └── assert-plus@1.0.0
21 silly currentTree   │ │ ├── string_decoder@0.10.31
21 silly currentTree   │ │ ├── string-width@1.0.2
21 silly currentTree   │ │ ├── stringstream@0.0.5
21 silly currentTree   │ │ ├── strip-ansi@3.0.1
21 silly currentTree   │ │ ├── strip-json-comments@2.0.1
21 silly currentTree   │ │ ├── supports-color@2.0.0
21 silly currentTree   │ │ ├─┬ tar-pack@3.3.0
21 silly currentTree   │ │ │ ├── once@1.3.3
21 silly currentTree   │ │ │ └── readable-stream@2.1.5
21 silly currentTree   │ │ ├── tar@2.2.1
21 silly currentTree   │ │ ├── tough-cookie@2.3.2
21 silly currentTree   │ │ ├── tunnel-agent@0.4.3
21 silly currentTree   │ │ ├── tweetnacl@0.14.5
21 silly currentTree   │ │ ├── uid-number@0.0.6
21 silly currentTree   │ │ ├── util-deprecate@1.0.2
21 silly currentTree   │ │ ├── uuid@3.0.1
21 silly currentTree   │ │ ├── verror@1.3.6
21 silly currentTree   │ │ ├── wide-align@1.1.0
21 silly currentTree   │ │ ├── wrappy@1.0.2
21 silly currentTree   │ │ └── xtend@4.0.1
21 silly currentTree   │ ├── glob-parent@2.0.0
21 silly currentTree   │ ├── inherits@2.0.3
21 silly currentTree   │ ├─┬ is-binary-path@1.0.1
21 silly currentTree   │ │ └── binary-extensions@1.8.0
21 silly currentTree   │ ├── is-glob@2.0.1
21 silly currentTree   │ ├── path-is-absolute@1.0.1
21 silly currentTree   │ └─┬ readdirp@2.1.0
21 silly currentTree   │   ├── graceful-fs@4.1.11
21 silly currentTree   │   ├─┬ minimatch@3.0.3
21 silly currentTree   │   │ └── brace-expansion@1.1.6
21 silly currentTree   │   ├─┬ readable-stream@2.2.3
21 silly currentTree   │   │ ├── buffer-shims@1.0.0
21 silly currentTree   │   │ ├── core-util-is@1.0.2
21 silly currentTree   │   │ ├── inherits@2.0.3
21 silly currentTree   │   │ ├── isarray@1.0.0
21 silly currentTree   │   │ ├── process-nextick-args@1.0.7
21 silly currentTree   │   │ ├── string_decoder@0.10.31
21 silly currentTree   │   │ └── util-deprecate@1.0.2
21 silly currentTree   │   └── set-immediate-shim@1.0.1
21 silly currentTree   ├─┬ cli-table@0.3.1
21 silly currentTree   │ └── colors@1.0.3
21 silly currentTree   ├── colors@1.0.3
21 silly currentTree   ├─┬ commander@2.9.0
21 silly currentTree   │ └── graceful-readlink@1.0.1
21 silly currentTree   ├── concat-map@0.0.1
21 silly currentTree   ├─┬ continuation-local-storage@3.2.0
21 silly currentTree   │ ├── async-listener@0.6.4
21 silly currentTree   │ └─┬ emitter-listener@1.0.1
21 silly currentTree   │   └── shimmer@1.0.0
21 silly currentTree   ├── core-util-is@1.0.2
21 silly currentTree   ├─┬ cron@1.2.1
21 silly currentTree   │ └─┬ moment-timezone@0.5.11
21 silly currentTree   │   └── moment@2.17.1
21 silly currentTree   ├─┬ debug@2.6.2
21 silly currentTree   │ └── ms@0.7.2
21 silly currentTree   ├── emitter-listener@1.0.1
21 silly currentTree   ├── escape-regexp@0.0.1
21 silly currentTree   ├── escape-string-regexp@1.0.5
21 silly currentTree   ├── eventemitter2@1.0.5
21 silly currentTree   ├── expand-brackets@0.1.5
21 silly currentTree   ├── expand-range@1.8.2
21 silly currentTree   ├── extglob@0.3.2
21 silly currentTree   ├── fclone@1.0.11
21 silly currentTree   ├── filename-regex@2.0.0
21 silly currentTree   ├── fill-range@2.2.3
21 silly currentTree   ├── for-in@1.0.2
21 silly currentTree   ├── for-own@0.1.5
21 silly currentTree   ├── fs.realpath@1.0.0
21 silly currentTree   ├── fsevents@1.1.1
21 silly currentTree   ├── gkt@1.0.0
21 silly currentTree   ├── glob-base@0.3.0
21 silly currentTree   ├── glob-parent@2.0.0
21 silly currentTree   ├─┬ glob@7.1.1
21 silly currentTree   │ ├── fs.realpath@1.0.0
21 silly currentTree   │ ├─┬ inflight@1.0.6
21 silly currentTree   │ │ ├─┬ once@1.4.0
21 silly currentTree   │ │ │ └── wrappy@1.0.2
21 silly currentTree   │ │ └── wrappy@1.0.2
21 silly currentTree   │ ├── inherits@2.0.3
21 silly currentTree   │ ├── minimatch@3.0.3
21 silly currentTree   │ ├── once@1.4.0
21 silly currentTree   │ └── path-is-absolute@1.0.1
21 silly currentTree   ├── graceful-fs@4.1.11
21 silly currentTree   ├── graceful-readlink@1.0.1
21 silly currentTree   ├── has-ansi@2.0.0
21 silly currentTree   ├── inflight@1.0.6
21 silly currentTree   ├── inherits@2.0.3
21 silly currentTree   ├── interpret@1.0.1
21 silly currentTree   ├── is-binary-path@1.0.1
21 silly currentTree   ├── is-buffer@1.1.5
21 silly currentTree   ├── is-dotfile@1.0.2
21 silly currentTree   ├── is-equal-shallow@0.1.3
21 silly currentTree   ├── is-extendable@0.1.1
21 silly currentTree   ├── is-extglob@1.0.0
21 silly currentTree   ├── is-glob@2.0.1
21 silly currentTree   ├── is-number@2.1.0
21 silly currentTree   ├── is-posix-bracket@0.1.1
21 silly currentTree   ├── is-primitive@2.0.0
21 silly currentTree   ├── isarray@1.0.0
21 silly currentTree   ├── isobject@2.1.0
21 silly currentTree   ├── json-stringify-safe@5.0.1
21 silly currentTree   ├── kind-of@3.1.0
21 silly currentTree   ├── lazy@1.0.11
21 silly currentTree   ├── lodash.findindex@4.6.0
21 silly currentTree   ├── lodash.isequal@4.5.0
21 silly currentTree   ├── methods@1.1.2
21 silly currentTree   ├── micromatch@2.3.11
21 silly currentTree   ├── minimatch@3.0.3
21 silly currentTree   ├── minimist@0.0.8
21 silly currentTree   ├─┬ mkdirp@0.5.1
21 silly currentTree   │ └── minimist@0.0.8
21 silly currentTree   ├── moment-timezone@0.5.11
21 silly currentTree   ├── moment@2.17.1
21 silly currentTree   ├── ms@0.7.2
21 silly currentTree   ├── nan@2.5.1
21 silly currentTree   ├── normalize-path@2.0.1
21 silly currentTree   ├─┬ nssocket@0.6.0
21 silly currentTree   │ ├── eventemitter2@0.4.14
21 silly currentTree   │ └── lazy@1.0.11
21 silly currentTree   ├── object.omit@2.0.1
21 silly currentTree   ├── once@1.4.0
21 silly currentTree   ├── parse-glob@3.0.4
21 silly currentTree   ├── path-is-absolute@1.0.1
21 silly currentTree   ├── path-parse@1.0.5
21 silly currentTree   ├── pidusage@1.1.1
21 silly currentTree   ├─┬ pm2-axon-rpc@0.4.5
21 silly currentTree   │ ├── debug@2.6.2
21 silly currentTree   │ └── fclone@1.0.8
21 silly currentTree   ├─┬ pm2-axon@3.0.2
21 silly currentTree   │ ├── amp-message@0.1.2
21 silly currentTree   │ ├── amp@0.3.1
21 silly currentTree   │ ├─┬ debug@2.2.0
21 silly currentTree   │ │ └── ms@0.7.1
21 silly currentTree   │ └── escape-regexp@0.0.1
21 silly currentTree   ├─┬ pm2-deploy@0.3.5
21 silly currentTree   │ ├── async@1.5.2
21 silly currentTree   │ └── tv4@1.2.7
21 silly currentTree   ├─┬ pm2-multimeter@0.1.2
21 silly currentTree   │ └── charm@0.1.2
21 silly currentTree   ├─┬ pmx@1.0.3
21 silly currentTree   │ ├── debug@2.6.2
21 silly currentTree   │ ├── json-stringify-safe@5.0.1
21 silly currentTree   │ └─┬ vxx@1.0.3
21 silly currentTree   │   ├── continuation-local-storage@3.2.0
21 silly currentTree   │   ├── debug@2.6.2
21 silly currentTree   │   ├── lodash.findindex@4.6.0
21 silly currentTree   │   ├── lodash.isequal@4.5.0
21 silly currentTree   │   ├── methods@1.1.2
21 silly currentTree   │   ├── semver@5.3.0
21 silly currentTree   │   ├── shimmer@1.1.0
21 silly currentTree   │   └── uuid@2.0.3
21 silly currentTree   ├── preserve@0.2.0
21 silly currentTree   ├── process-nextick-args@1.0.7
21 silly currentTree   ├── randomatic@1.1.6
21 silly currentTree   ├── readable-stream@2.2.3
21 silly currentTree   ├── readdirp@2.1.0
21 silly currentTree   ├─┬ rechoir@0.6.2
21 silly currentTree   │ └─┬ resolve@1.3.2
21 silly currentTree   │   └── path-parse@1.0.5
21 silly currentTree   ├── regex-cache@0.4.3
21 silly currentTree   ├── repeat-element@1.1.2
21 silly currentTree   ├── repeat-string@1.6.1
21 silly currentTree   ├── resolve@1.3.2
21 silly currentTree   ├── semver@5.3.0
21 silly currentTree   ├── set-immediate-shim@1.0.1
21 silly currentTree   ├─┬ shelljs@0.7.6
21 silly currentTree   │ ├── glob@7.1.1
21 silly currentTree   │ ├── interpret@1.0.1
21 silly currentTree   │ └── rechoir@0.6.2
21 silly currentTree   ├── shimmer@1.1.0
21 silly currentTree   ├─┬ source-map-support@0.4.11
21 silly currentTree   │ └── source-map@0.5.6
21 silly currentTree   ├── source-map@0.5.6
21 silly currentTree   ├── sprintf-js@1.0.3
21 silly currentTree   ├── string_decoder@0.10.31
21 silly currentTree   ├── strip-ansi@3.0.1
21 silly currentTree   ├── supports-color@2.0.0
21 silly currentTree   ├── tv4@1.2.7
21 silly currentTree   ├── util-deprecate@1.0.2
21 silly currentTree   ├── uuid@2.0.3
21 silly currentTree   ├─┬ vizion@0.2.13
21 silly currentTree   │ └── async@1.5.2
21 silly currentTree   ├── vxx@1.0.3
21 silly currentTree   ├── wrappy@1.0.2
21 silly currentTree   └─┬ yamljs@0.2.8
21 silly currentTree     ├── argparse@1.0.9
21 silly currentTree     └── glob@7.1.1
22 silly idealTree lib
23 silly generateActionsToTake Starting
24 silly install generateActionsToTake
25 warn checkPermissions Missing write access to /usr/local/lib/node_modules/pm2/node_modules/amp
26 warn checkPermissions Missing write access to /usr/local/lib/node_modules/pm2/node_modules/amp-message
27 warn checkPermissions Missing write access to /usr/local/lib/node_modules/pm2/node_modules/ansi-regex
28 warn checkPermissions Missing write access to /usr/local/lib/node_modules/pm2/node_modules/ansi-styles
29 warn checkPermissions Missing write access to /usr/local/lib/node_modules/pm2/node_modules/anymatch
30 warn checkPermissions Missing write access to /usr/local/lib/node_modules/pm2/node_modules/argparse
31 warn checkPermissions Missing write access to /usr/local/lib/node_modules/pm2/node_modules/arr-diff
32 warn checkPermissions Missing write access to /usr/local/lib/node_modules/pm2/node_modules/arr-flatten
33 warn checkPermissions Missing write access to /usr/local/lib/node_modules/pm2/node_modules/arrify
34 warn checkPermissions Missing write access to /usr/local/lib/node_modules/pm2/node_modules/array-unique
35 warn checkPermissions Missing write access to /usr/local/lib/node_modules/pm2/node_modules/async
36 warn checkPermissions Missing write access to /usr/local/lib/node_modules/pm2/node_modules/async-each
37 warn checkPermissions Missing write access to /usr/local/lib/node_modules/pm2/node_modules/async-listener
38 warn checkPermissions Missing write access to /usr/local/lib/node_modules/pm2/node_modules/balanced-match
39 warn checkPermissions Missing write access to /usr/local/lib/node_modules/pm2/node_modules/binary-extensions
40 warn checkPermissions Missing write access to /usr/local/lib/node_modules/pm2/node_modules/blessed
41 warn checkPermissions Missing write access to /usr/local/lib/node_modules/pm2/node_modules/brace-expansion
42 warn checkPermissions Missing write access to /usr/local/lib/node_modules/pm2/node_modules/braces
43 warn checkPermissions Missing write access to /usr/local/lib/node_modules/pm2/node_modules/buffer-shims
44 warn checkPermissions Missing write access to /usr/local/lib/node_modules/pm2/node_modules/chalk
45 warn checkPermissions Missing write access to /usr/local/lib/node_modules/pm2/node_modules/charm
46 warn checkPermissions Missing write access to /usr/local/lib/node_modules/pm2/node_modules/chokidar
47 warn checkPermissions Missing write access to /usr/local/lib/node_modules/pm2/node_modules/cli-table
48 warn checkPermissions Missing write access to /usr/local/lib/node_modules/pm2/node_modules/colors
49 warn checkPermissions Missing write access to /usr/local/lib/node_modules/pm2/node_modules/commander
50 warn checkPermissions Missing write access to /usr/local/lib/node_modules/pm2/node_modules/concat-map
51 warn checkPermissions Missing write access to /usr/local/lib/node_modules/pm2/node_modules/continuation-local-storage
52 warn checkPermissions Missing write access to /usr/local/lib/node_modules/pm2/node_modules/core-util-is
53 warn checkPermissions Missing write access to /usr/local/lib/node_modules/pm2/node_modules/cron
54 warn checkPermissions Missing write access to /usr/local/lib/node_modules/pm2/node_modules/debug
55 warn checkPermissions Missing write access to /usr/local/lib/node_modules/pm2/node_modules/emitter-listener
56 warn checkPermissions Missing write access to /usr/local/lib/node_modules/pm2/node_modules/escape-regexp
57 warn checkPermissions Missing write access to /usr/local/lib/node_modules/pm2/node_modules/escape-string-regexp
58 warn checkPermissions Missing write access to /usr/local/lib/node_modules/pm2/node_modules/eventemitter2
59 warn checkPermissions Missing write access to /usr/local/lib/node_modules/pm2/node_modules/expand-brackets
60 warn checkPermissions Missing write access to /usr/local/lib/node_modules/pm2/node_modules/expand-range
61 warn checkPermissions Missing write access to /usr/local/lib/node_modules/pm2/node_modules/extglob
62 warn checkPermissions Missing write access to /usr/local/lib/node_modules/pm2/node_modules/fclone
63 warn checkPermissions Missing write access to /usr/local/lib/node_modules/pm2/node_modules/filename-regex
64 warn checkPermissions Missing write access to /usr/local/lib/node_modules/pm2/node_modules/fill-range
65 warn checkPermissions Missing write access to /usr/local/lib/node_modules/pm2/node_modules/for-own
66 warn checkPermissions Missing write access to /usr/local/lib/node_modules/pm2/node_modules/for-in
67 warn checkPermissions Missing write access to /usr/local/lib/node_modules/pm2/node_modules/fs.realpath
68 warn checkPermissions Missing write access to /usr/local/lib/node_modules/pm2/node_modules/fsevents
69 warn checkPermissions Missing write access to /usr/local/lib/node_modules/pm2/node_modules/gkt
70 warn checkPermissions Missing write access to /usr/local/lib/node_modules/pm2/node_modules/glob
71 warn checkPermissions Missing write access to /usr/local/lib/node_modules/pm2/node_modules/glob-base
72 warn checkPermissions Missing write access to /usr/local/lib/node_modules/pm2/node_modules/glob-parent
73 warn checkPermissions Missing write access to /usr/local/lib/node_modules/pm2/node_modules/graceful-fs
74 warn checkPermissions Missing write access to /usr/local/lib/node_modules/pm2/node_modules/graceful-readlink
75 warn checkPermissions Missing write access to /usr/local/lib/node_modules/pm2/node_modules/has-ansi
76 warn checkPermissions Missing write access to /usr/local/lib/node_modules/pm2/node_modules/inflight
77 warn checkPermissions Missing write access to /usr/local/lib/node_modules/pm2/node_modules/inherits
78 warn checkPermissions Missing write access to /usr/local/lib/node_modules/pm2/node_modules/interpret
79 warn checkPermissions Missing write access to /usr/local/lib/node_modules/pm2/node_modules/is-binary-path
80 warn checkPermissions Missing write access to /usr/local/lib/node_modules/pm2/node_modules/is-buffer
81 warn checkPermissions Missing write access to /usr/local/lib/node_modules/pm2/node_modules/is-dotfile
82 warn checkPermissions Missing write access to /usr/local/lib/node_modules/pm2/node_modules/is-equal-shallow
83 warn checkPermissions Missing write access to /usr/local/lib/node_modules/pm2/node_modules/is-extendable
84 warn checkPermissions Missing write access to /usr/local/lib/node_modules/pm2/node_modules/is-extglob
85 warn checkPermissions Missing write access to /usr/local/lib/node_modules/pm2/node_modules/is-glob
86 warn checkPermissions Missing write access to /usr/local/lib/node_modules/pm2/node_modules/is-number
87 warn checkPermissions Missing write access to /usr/local/lib/node_modules/pm2/node_modules/is-posix-bracket
88 warn checkPermissions Missing write access to /usr/local/lib/node_modules/pm2/node_modules/is-primitive
89 warn checkPermissions Missing write access to /usr/local/lib/node_modules/pm2/node_modules/isarray
90 warn checkPermissions Missing write access to /usr/local/lib/node_modules/pm2/node_modules/isobject
91 warn checkPermissions Missing write access to /usr/local/lib/node_modules/pm2/node_modules/kind-of
92 warn checkPermissions Missing write access to /usr/local/lib/node_modules/pm2/node_modules/json-stringify-safe
93 warn checkPermissions Missing write access to /usr/local/lib/node_modules/pm2/node_modules/lazy
94 warn checkPermissions Missing write access to /usr/local/lib/node_modules/pm2/node_modules/lodash.findindex
95 warn checkPermissions Missing write access to /usr/local/lib/node_modules/pm2/node_modules/lodash.isequal
96 warn checkPermissions Missing write access to /usr/local/lib/node_modules/pm2/node_modules/methods
97 warn checkPermissions Missing write access to /usr/local/lib/node_modules/pm2/node_modules/micromatch
98 warn checkPermissions Missing write access to /usr/local/lib/node_modules/pm2/node_modules/minimist
99 warn checkPermissions Missing write access to /usr/local/lib/node_modules/pm2/node_modules/minimatch
100 warn checkPermissions Missing write access to /usr/local/lib/node_modules/pm2/node_modules/mkdirp
101 warn checkPermissions Missing write access to /usr/local/lib/node_modules/pm2/node_modules/moment
102 warn checkPermissions Missing write access to /usr/local/lib/node_modules/pm2/node_modules/moment-timezone
103 warn checkPermissions Missing write access to /usr/local/lib/node_modules/pm2/node_modules/ms
104 warn checkPermissions Missing write access to /usr/local/lib/node_modules/pm2/node_modules/nan
105 warn checkPermissions Missing write access to /usr/local/lib/node_modules/pm2/node_modules/normalize-path
106 warn checkPermissions Missing write access to /usr/local/lib/node_modules/pm2/node_modules/nssocket
107 warn checkPermissions Missing write access to /usr/local/lib/node_modules/pm2/node_modules/object.omit
108 warn checkPermissions Missing write access to /usr/local/lib/node_modules/pm2/node_modules/once
109 warn checkPermissions Missing write access to /usr/local/lib/node_modules/pm2/node_modules/parse-glob
110 warn checkPermissions Missing write access to /usr/local/lib/node_modules/pm2/node_modules/path-is-absolute
111 warn checkPermissions Missing write access to /usr/local/lib/node_modules/pm2/node_modules/path-parse
112 warn checkPermissions Missing write access to /usr/local/lib/node_modules/pm2/node_modules/pidusage
113 warn checkPermissions Missing write access to /usr/local/lib/node_modules/pm2/node_modules/pm2-axon
114 warn checkPermissions Missing write access to /usr/local/lib/node_modules/pm2/node_modules/pm2-axon-rpc
115 warn checkPermissions Missing write access to /usr/local/lib/node_modules/pm2/node_modules/pm2-deploy
116 warn checkPermissions Missing write access to /usr/local/lib/node_modules/pm2/node_modules/pm2-multimeter
117 warn checkPermissions Missing write access to /usr/local/lib/node_modules/pm2/node_modules/pmx
118 warn checkPermissions Missing write access to /usr/local/lib/node_modules/pm2/node_modules/preserve
119 warn checkPermissions Missing write access to /usr/local/lib/node_modules/pm2/node_modules/process-nextick-args
120 warn checkPermissions Missing write access to /usr/local/lib/node_modules/pm2/node_modules/randomatic
121 warn checkPermissions Missing write access to /usr/local/lib/node_modules/pm2/node_modules/readable-stream
122 warn checkPermissions Missing write access to /usr/local/lib/node_modules/pm2/node_modules/readdirp
123 warn checkPermissions Missing write access to /usr/local/lib/node_modules/pm2/node_modules/rechoir
124 warn checkPermissions Missing write access to /usr/local/lib/node_modules/pm2/node_modules/regex-cache
125 warn checkPermissions Missing write access to /usr/local/lib/node_modules/pm2/node_modules/repeat-element
126 warn checkPermissions Missing write access to /usr/local/lib/node_modules/pm2/node_modules/repeat-string
127 warn checkPermissions Missing write access to /usr/local/lib/node_modules/pm2/node_modules/resolve
128 warn checkPermissions Missing write access to /usr/local/lib/node_modules/pm2/node_modules/semver
129 warn checkPermissions Missing write access to /usr/local/lib/node_modules/pm2/node_modules/set-immediate-shim
130 warn checkPermissions Missing write access to /usr/local/lib/node_modules/pm2/node_modules/shelljs
131 warn checkPermissions Missing write access to /usr/local/lib/node_modules/pm2/node_modules/shimmer
132 warn checkPermissions Missing write access to /usr/local/lib/node_modules/pm2/node_modules/source-map
133 warn checkPermissions Missing write access to /usr/local/lib/node_modules/pm2/node_modules/source-map-support
134 warn checkPermissions Missing write access to /usr/local/lib/node_modules/pm2/node_modules/sprintf-js
135 warn checkPermissions Missing write access to /usr/local/lib/node_modules/pm2/node_modules/string_decoder
136 warn checkPermissions Missing write access to /usr/local/lib/node_modules/pm2/node_modules/strip-ansi
137 warn checkPermissions Missing write access to /usr/local/lib/node_modules/pm2/node_modules/supports-color
138 warn checkPermissions Missing write access to /usr/local/lib/node_modules/pm2/node_modules/tv4
139 warn checkPermissions Missing write access to /usr/local/lib/node_modules/pm2/node_modules/util-deprecate
140 warn checkPermissions Missing write access to /usr/local/lib/node_modules/pm2/node_modules/uuid
141 warn checkPermissions Missing write access to /usr/local/lib/node_modules/pm2/node_modules/vizion
142 warn checkPermissions Missing write access to /usr/local/lib/node_modules/pm2/node_modules/vxx
143 warn checkPermissions Missing write access to /usr/local/lib/node_modules/pm2/node_modules/wrappy
144 warn checkPermissions Missing write access to /usr/local/lib/node_modules/pm2/node_modules/yamljs
145 warn checkPermissions Missing write access to /usr/local/lib/node_modules/pm2
146 warn checkPermissions Missing write access to /usr/local/lib/node_modules/pm2/node_modules
147 warn checkPermissions Missing write access to /usr/local/lib/node_modules
148 silly rollbackFailedOptional Starting
149 silly rollbackFailedOptional Finishing
150 silly runTopLevelLifecycles Finishing
151 silly install printInstalled
152 verbose stack Error: EACCES: permission denied, access '/usr/local/lib/node_modules/pm2/node_modules/amp'
152 verbose stack     at Error (native)
153 verbose cwd /Users/zhoucaiguang/WWW/DownloadYouLike/service
154 error Darwin 16.3.0
155 error argv "/usr/local/bin/node" "/usr/local/bin/npm" "uninstall" "pm2" "-g"
156 error node v6.10.0
157 error npm  v3.10.10
158 error path /usr/local/lib/node_modules/pm2/node_modules/amp
159 error code EACCES
160 error errno -13
161 error syscall access
162 error Error: EACCES: permission denied, access '/usr/local/lib/node_modules/pm2/node_modules/amp'
162 error     at Error (native)
162 error  { Error: EACCES: permission denied, access '/usr/local/lib/node_modules/pm2/node_modules/amp'
162 error     at Error (native)
162 error   errno: -13,
162 error   code: 'EACCES',
162 error   syscall: 'access',
162 error   path: '/usr/local/lib/node_modules/pm2/node_modules/amp' }
163 error Please try running this command again as root/Administrator.
164 verbose exit [ -13, true ]
